[2025-May-19 13:49:11.799 +00:00][39179:39179][info ] Logging initialized
[2025-May-19 13:49:11.799 +00:00][39179:39179][info ] Initializing krisp SDK...
[2025-May-19 13:49:11.799 +00:00][39179:39179][info ] DoKrispInitialize
[2025-May-19 13:49:12.388 +00:00][39179:39179][info ] LoadDynamicKrisp
[2025-May-19 13:49:12.388 +00:00][39179:39179][info ] Did not find KRISP_DYLIB_PATH, skipping dynamic loading
[2025-May-19 13:49:12.388 +00:00][39179:39179][info ] Initializing Krisp SDK in PID 39179, addr 0x7b9520790d10
[2025-May-19 13:49:12.686 +00:00][39179:39179][info ] Initialized Krisp SDK successfully
[2025-May-19 13:49:12.686 +00:00][39179:39179][info ] Krisp SDK initialized
[2025-May-19 14:37:20.336 +00:00][52954:52954][info ] Logging initialized
[2025-May-19 14:37:20.336 +00:00][52954:52954][info ] Initializing krisp SDK...
[2025-May-19 14:37:20.336 +00:00][52954:52954][info ] DoKrispInitialize
[2025-May-19 14:37:20.861 +00:00][52954:52954][info ] LoadDynamicKrisp
[2025-May-19 14:37:20.861 +00:00][52954:52954][info ] Did not find KRISP_DYLIB_PATH, skipping dynamic loading
[2025-May-19 14:37:20.861 +00:00][52954:52954][info ] Initializing Krisp SDK in PID 52954, addr 0x748d77990d10
[2025-May-19 14:37:21.147 +00:00][52954:52954][info ] Initialized Krisp SDK successfully
[2025-May-19 14:37:21.147 +00:00][52954:52954][info ] Krisp SDK initialized
[2025-May-19 15:03:24.934 +00:00][88399:88399][info ] Logging initialized
[2025-May-19 15:03:24.934 +00:00][88399:88399][info ] Initializing krisp SDK...
[2025-May-19 15:03:24.934 +00:00][88399:88399][info ] DoKrispInitialize
[2025-May-19 15:03:25.582 +00:00][88399:88399][info ] LoadDynamicKrisp
[2025-May-19 15:03:25.582 +00:00][88399:88399][info ] Did not find KRISP_DYLIB_PATH, skipping dynamic loading
[2025-May-19 15:03:25.582 +00:00][88399:88399][info ] Initializing Krisp SDK in PID 88399, addr 0x739cedb90d10
[2025-May-19 15:03:25.927 +00:00][88399:88399][info ] Initialized Krisp SDK successfully
[2025-May-19 15:03:25.927 +00:00][88399:88399][info ] Krisp SDK initialized
[2025-May-19 19:14:25.529 +00:00][161677:161677][info ] Logging initialized
[2025-May-19 19:14:25.529 +00:00][161677:161677][info ] Initializing krisp SDK...
[2025-May-19 19:14:25.529 +00:00][161677:161677][info ] DoKrispInitialize
[2025-May-19 19:14:26.064 +00:00][161677:161677][info ] LoadDynamicKrisp
[2025-May-19 19:14:26.064 +00:00][161677:161677][info ] Did not find KRISP_DYLIB_PATH, skipping dynamic loading
[2025-May-19 19:14:26.064 +00:00][161677:161677][info ] Initializing Krisp SDK in PID 161677, addr 0x737cd7990d10
[2025-May-19 19:14:26.335 +00:00][161677:161677][info ] Initialized Krisp SDK successfully
[2025-May-19 19:14:26.335 +00:00][161677:161677][info ] Krisp SDK initialized
[2025-May-19 19:16:05.834 +00:00][162017:162017][info ] Logging initialized
[2025-May-19 19:16:05.834 +00:00][162017:162017][info ] Initializing krisp SDK...
[2025-May-19 19:16:05.834 +00:00][162017:162017][info ] DoKrispInitialize
[2025-May-19 19:16:06.362 +00:00][162017:162017][info ] LoadDynamicKrisp
[2025-May-19 19:16:06.362 +00:00][162017:162017][info ] Did not find KRISP_DYLIB_PATH, skipping dynamic loading
[2025-May-19 19:16:06.362 +00:00][162017:162017][info ] Initializing Krisp SDK in PID 162017, addr 0x7027a9f90d10
[2025-May-19 19:16:06.629 +00:00][162017:162017][info ] Initialized Krisp SDK successfully
[2025-May-19 19:16:06.629 +00:00][162017:162017][info ] Krisp SDK initialized
[2025-May-20 17:23:34.662 +07:00][43434:43434][info ] Logging initialized
[2025-May-20 17:23:34.662 +07:00][43434:43434][info ] Initializing krisp SDK...
[2025-May-20 17:23:34.662 +07:00][43434:43434][info ] DoKrispInitialize
[2025-May-20 17:23:34.942 +07:00][43434:43434][info ] LoadDynamicKrisp
[2025-May-20 17:23:34.942 +07:00][43434:43434][info ] Did not find KRISP_DYLIB_PATH, skipping dynamic loading
[2025-May-20 17:23:34.942 +07:00][43434:43434][info ] Initializing Krisp SDK in PID 43434, addr 0x77d1e378c820
[2025-May-20 17:23:35.102 +07:00][43434:43434][info ] Initialized Krisp SDK successfully
[2025-May-20 17:23:35.102 +07:00][43434:43434][info ] Krisp SDK initialized
[2025-May-20 17:24:56.181 +07:00][43783:43783][info ] Logging initialized
[2025-May-20 17:24:56.181 +07:00][43783:43783][info ] Initializing krisp SDK...
[2025-May-20 17:24:56.181 +07:00][43783:43783][info ] DoKrispInitialize
[2025-May-20 17:24:56.462 +07:00][43783:43783][info ] LoadDynamicKrisp
[2025-May-20 17:24:56.462 +07:00][43783:43783][info ] Did not find KRISP_DYLIB_PATH, skipping dynamic loading
[2025-May-20 17:24:56.462 +07:00][43783:43783][info ] Initializing Krisp SDK in PID 43783, addr 0x7bd449f8c820
[2025-May-20 17:24:56.621 +07:00][43783:43783][info ] Initialized Krisp SDK successfully
[2025-May-20 17:24:56.621 +07:00][43783:43783][info ] Krisp SDK initialized
[2025-May-20 22:15:18.503 +07:00][ 6968: 6968][info ] Logging initialized
[2025-May-20 22:15:18.503 +07:00][ 6968: 6968][info ] Initializing krisp SDK...
[2025-May-20 22:15:18.503 +07:00][ 6968: 6968][info ] DoKrispInitialize
[2025-May-20 22:15:19.056 +07:00][ 6968: 6968][info ] LoadDynamicKrisp
[2025-May-20 22:15:19.056 +07:00][ 6968: 6968][info ] Did not find KRISP_DYLIB_PATH, skipping dynamic loading
[2025-May-20 22:15:19.056 +07:00][ 6968: 6968][info ] Initializing Krisp SDK in PID 6968, addr 0x742e41d8c820
[2025-May-20 22:15:19.326 +07:00][ 6968: 6968][info ] Initialized Krisp SDK successfully
[2025-May-20 22:15:19.326 +07:00][ 6968: 6968][info ] Krisp SDK initialized
[2025-May-20 22:28:51.833 +07:00][ 6968: 6995][info ] KrispNCSetup: sampleRate = 48000, duration = 10
[2025-May-20 22:28:51.833 +07:00][ 6968: 6995][info ] Setting Krisp model: full_NC
[2025-May-20 22:28:51.841 +07:00][ 6968: 6995][info ] KrispVADSetup: sampleRate = 48000, duration = 10
[2025-May-21 09:13:15.815 +07:00][ 2130: 2130][info ] Logging initialized
[2025-May-21 09:13:15.815 +07:00][ 2130: 2130][info ] Initializing krisp SDK...
[2025-May-21 09:13:15.815 +07:00][ 2130: 2130][info ] DoKrispInitialize
[2025-May-21 09:13:16.110 +07:00][ 2130: 2130][info ] LoadDynamicKrisp
[2025-May-21 09:13:16.110 +07:00][ 2130: 2130][info ] Did not find KRISP_DYLIB_PATH, skipping dynamic loading
[2025-May-21 09:13:16.110 +07:00][ 2130: 2130][info ] Initializing Krisp SDK in PID 2130, addr 0x70cd1218c820
[2025-May-21 09:13:16.276 +07:00][ 2130: 2130][info ] Initialized Krisp SDK successfully
[2025-May-21 09:13:16.276 +07:00][ 2130: 2130][info ] Krisp SDK initialized
[2025-May-21 21:45:10.369 +07:00][ 2397: 2397][info ] Logging initialized
[2025-May-21 21:45:10.369 +07:00][ 2397: 2397][info ] Initializing krisp SDK...
[2025-May-21 21:45:10.369 +07:00][ 2397: 2397][info ] DoKrispInitialize
[2025-May-21 21:45:10.661 +07:00][ 2397: 2397][info ] LoadDynamicKrisp
[2025-May-21 21:45:10.661 +07:00][ 2397: 2397][info ] Did not find KRISP_DYLIB_PATH, skipping dynamic loading
[2025-May-21 21:45:10.661 +07:00][ 2397: 2397][info ] Initializing Krisp SDK in PID 2397, addr 0x7b40ad78c820
[2025-May-21 21:45:10.828 +07:00][ 2397: 2397][info ] Initialized Krisp SDK successfully
[2025-May-21 21:45:10.828 +07:00][ 2397: 2397][info ] Krisp SDK initialized
[2025-May-21 22:38:50.776 +07:00][ 1302: 1302][info ] Logging initialized
[2025-May-21 22:38:50.776 +07:00][ 1302: 1302][info ] Initializing krisp SDK...
[2025-May-21 22:38:50.776 +07:00][ 1302: 1302][info ] DoKrispInitialize
[2025-May-21 22:38:51.075 +07:00][ 1302: 1302][info ] LoadDynamicKrisp
[2025-May-21 22:38:51.075 +07:00][ 1302: 1302][info ] Did not find KRISP_DYLIB_PATH, skipping dynamic loading
[2025-May-21 22:38:51.075 +07:00][ 1302: 1302][info ] Initializing Krisp SDK in PID 1302, addr 0x7d147018c820
[2025-May-21 22:38:51.251 +07:00][ 1302: 1302][info ] Initialized Krisp SDK successfully
[2025-May-21 22:38:51.251 +07:00][ 1302: 1302][info ] Krisp SDK initialized
[2025-May-21 23:29:32.935 +07:00][ 1302: 1402][info ] KrispNCSetup: sampleRate = 48000, duration = 10
[2025-May-21 23:29:32.935 +07:00][ 1302: 1402][info ] Setting Krisp model: full_NC
[2025-May-21 23:29:32.944 +07:00][ 1302: 1402][info ] KrispVADSetup: sampleRate = 48000, duration = 10
[2025-May-21 23:32:41.634 +07:00][ 7728: 7728][info ] Logging initialized
[2025-May-21 23:32:41.634 +07:00][ 7728: 7728][info ] Initializing krisp SDK...
[2025-May-21 23:32:41.634 +07:00][ 7728: 7728][info ] DoKrispInitialize
[2025-May-21 23:32:42.122 +07:00][ 7728: 7728][info ] LoadDynamicKrisp
[2025-May-21 23:32:42.122 +07:00][ 7728: 7728][info ] Did not find KRISP_DYLIB_PATH, skipping dynamic loading
[2025-May-21 23:32:42.122 +07:00][ 7728: 7728][info ] Initializing Krisp SDK in PID 7728, addr 0x7df16ed8c820
[2025-May-21 23:32:42.372 +07:00][ 7728: 7728][info ] Initialized Krisp SDK successfully
[2025-May-21 23:32:42.372 +07:00][ 7728: 7728][info ] Krisp SDK initialized
[2025-May-21 23:32:47.587 +07:00][ 7728: 7754][info ] KrispNCSetup: sampleRate = 48000, duration = 10
[2025-May-21 23:32:47.587 +07:00][ 7728: 7754][info ] Setting Krisp model: full_NC
[2025-May-21 23:32:47.602 +07:00][ 7728: 7754][info ] KrispVADSetup: sampleRate = 48000, duration = 10
[2025-May-21 23:33:06.251 +07:00][ 7891: 7891][info ] Logging initialized
[2025-May-21 23:33:06.251 +07:00][ 7891: 7891][info ] Initializing krisp SDK...
[2025-May-21 23:33:06.251 +07:00][ 7891: 7891][info ] DoKrispInitialize
[2025-May-21 23:33:06.694 +07:00][ 7891: 7891][info ] LoadDynamicKrisp
[2025-May-21 23:33:06.694 +07:00][ 7891: 7891][info ] Did not find KRISP_DYLIB_PATH, skipping dynamic loading
[2025-May-21 23:33:06.694 +07:00][ 7891: 7891][info ] Initializing Krisp SDK in PID 7891, addr 0x7ec5eaf8c820
[2025-May-21 23:33:06.914 +07:00][ 7891: 7891][info ] Initialized Krisp SDK successfully
[2025-May-21 23:33:06.914 +07:00][ 7891: 7891][info ] Krisp SDK initialized
[2025-May-21 23:33:11.844 +07:00][ 7891: 7923][info ] KrispNCSetup: sampleRate = 48000, duration = 10
[2025-May-21 23:33:11.844 +07:00][ 7891: 7923][info ] Setting Krisp model: full_NC
[2025-May-21 23:33:11.854 +07:00][ 7891: 7923][info ] KrispVADSetup: sampleRate = 48000, duration = 10
[2025-May-21 23:36:37.434 +07:00][ 9163: 9163][info ] Logging initialized
[2025-May-21 23:36:37.434 +07:00][ 9163: 9163][info ] Initializing krisp SDK...
[2025-May-21 23:36:37.434 +07:00][ 9163: 9163][info ] DoKrispInitialize
[2025-May-21 23:36:38.105 +07:00][ 9163: 9163][info ] LoadDynamicKrisp
[2025-May-21 23:36:38.105 +07:00][ 9163: 9163][info ] Did not find KRISP_DYLIB_PATH, skipping dynamic loading
[2025-May-21 23:36:38.105 +07:00][ 9163: 9163][info ] Initializing Krisp SDK in PID 9163, addr 0x77134b38c820
[2025-May-21 23:36:38.597 +07:00][ 9163: 9163][info ] Initialized Krisp SDK successfully
[2025-May-21 23:36:38.597 +07:00][ 9163: 9163][info ] Krisp SDK initialized
[2025-May-21 23:37:40.222 +07:00][ 9163: 9188][info ] KrispNCSetup: sampleRate = 48000, duration = 10
[2025-May-21 23:37:40.222 +07:00][ 9163: 9188][info ] Setting Krisp model: full_NC
[2025-May-21 23:37:40.233 +07:00][ 9163: 9188][info ] KrispVADSetup: sampleRate = 48000, duration = 10
[2025-May-21 23:50:37.906 +07:00][13437:13437][info ] Logging initialized
[2025-May-21 23:50:37.906 +07:00][13437:13437][info ] Initializing krisp SDK...
[2025-May-21 23:50:37.906 +07:00][13437:13437][info ] DoKrispInitialize
[2025-May-21 23:50:38.989 +07:00][13437:13437][info ] LoadDynamicKrisp
[2025-May-21 23:50:38.989 +07:00][13437:13437][info ] Did not find KRISP_DYLIB_PATH, skipping dynamic loading
[2025-May-21 23:50:38.989 +07:00][13437:13437][info ] Initializing Krisp SDK in PID 13437, addr 0x7c25d4b8c820
[2025-May-21 23:50:39.868 +07:00][13437:13437][info ] Initialized Krisp SDK successfully
[2025-May-21 23:50:39.868 +07:00][13437:13437][info ] Krisp SDK initialized
[2025-May-22 18:10:35.959 +07:00][120225:120225][info ] Logging initialized
[2025-May-22 18:10:35.959 +07:00][120225:120225][info ] Initializing krisp SDK...
[2025-May-22 18:10:35.959 +07:00][120225:120225][info ] DoKrispInitialize
[2025-May-22 18:10:36.253 +07:00][120225:120225][info ] LoadDynamicKrisp
[2025-May-22 18:10:36.253 +07:00][120225:120225][info ] Did not find KRISP_DYLIB_PATH, skipping dynamic loading
[2025-May-22 18:10:36.253 +07:00][120225:120225][info ] Initializing Krisp SDK in PID 120225, addr 0x78acf9b8c820
[2025-May-22 18:10:36.419 +07:00][120225:120225][info ] Initialized Krisp SDK successfully
[2025-May-22 18:10:36.419 +07:00][120225:120225][info ] Krisp SDK initialized
[2025-May-22 22:21:44.836 +07:00][153724:153724][info ] Logging initialized
[2025-May-22 22:21:44.836 +07:00][153724:153724][info ] Initializing krisp SDK...
[2025-May-22 22:21:44.836 +07:00][153724:153724][info ] DoKrispInitialize
[2025-May-22 22:21:45.424 +07:00][153724:153724][info ] LoadDynamicKrisp
[2025-May-22 22:21:45.424 +07:00][153724:153724][info ] Did not find KRISP_DYLIB_PATH, skipping dynamic loading
[2025-May-22 22:21:45.424 +07:00][153724:153724][info ] Initializing Krisp SDK in PID 153724, addr 0x75a15078c820
[2025-May-22 22:21:45.739 +07:00][153724:153724][info ] Initialized Krisp SDK successfully
[2025-May-22 22:21:45.739 +07:00][153724:153724][info ] Krisp SDK initialized
[2025-May-22 22:21:50.660 +07:00][153724:153748][info ] KrispNCSetup: sampleRate = 48000, duration = 10
[2025-May-22 22:21:50.660 +07:00][153724:153748][info ] Setting Krisp model: full_NC
[2025-May-22 22:21:50.678 +07:00][153724:153748][info ] KrispVADSetup: sampleRate = 48000, duration = 10
[2025-May-22 22:32:57.737 +07:00][153724:153740][info ] KrispVADReset
[2025-May-22 22:32:57.751 +07:00][153724:153748][info ] KrispNCReset
[2025-May-22 22:32:57.751 +07:00][153724:153748][info ] KrispNCSetup: sampleRate = 8000, duration = 10
[2025-May-22 22:32:57.751 +07:00][153724:153748][info ] Setting Krisp model: small_NC_8k
[2025-May-22 22:58:11.563 +07:00][153724:153748][info ] KrispNCReset
[2025-May-22 22:58:11.563 +07:00][153724:153748][info ] KrispNCSetup: sampleRate = 48000, duration = 10
[2025-May-22 22:58:11.563 +07:00][153724:153748][info ] Setting Krisp model: full_NC
[2025-May-22 22:58:11.574 +07:00][153724:153748][info ] KrispVADSetup: sampleRate = 48000, duration = 10
[2025-May-22 22:59:29.526 +07:00][153724:153740][info ] KrispVADReset
[2025-May-22 23:07:40.138 +07:00][ 2150: 2150][info ] Logging initialized
[2025-May-22 23:07:40.138 +07:00][ 2150: 2150][info ] Initializing krisp SDK...
[2025-May-22 23:07:40.138 +07:00][ 2150: 2150][info ] DoKrispInitialize
[2025-May-22 23:07:40.430 +07:00][ 2150: 2150][info ] LoadDynamicKrisp
[2025-May-22 23:07:40.430 +07:00][ 2150: 2150][info ] Did not find KRISP_DYLIB_PATH, skipping dynamic loading
[2025-May-22 23:07:40.430 +07:00][ 2150: 2150][info ] Initializing Krisp SDK in PID 2150, addr 0x765ae838c820
[2025-May-22 23:07:40.597 +07:00][ 2150: 2150][info ] Initialized Krisp SDK successfully
[2025-May-22 23:07:40.597 +07:00][ 2150: 2150][info ] Krisp SDK initialized
