{"logTime": "0519/145239", "correlationVector":"gtQUhFPXZB7oW9BxxJWOzX.4","action":"GetUpdates Response", "result":"Success", "context":Received 34 update(s). cV=gtQUhFPXZB7oW9BxxJWOzX.0;server=akswtt00700001d;cloudType=Consumer;environment=Prod_southeastasia_prod-s01-065-apac-southeastasia;migrationStage=NotStarted}
{"logTime": "0519/145239", "correlationVector":"vLuTVcB13qFzXI6XHZej6Q","action":"Commit Request", "result":"", "context":Item count: 8
Contributing types: Sessions}
{"logTime": "0519/145239", "correlationVector":"vLuTVcB13qFzXI6XHZej6Q.1","action":"SyncServerConnectionManagerRequest", "result":"SYNC_SERVER_OK", "context":{"environment":"Prod_southeastasia_prod-s01-065-apac-southeastasia", "migrationStage":"NotStarted", "server":"akswtt00700001z"}}
{"logTime": "0519/145239", "correlationVector":"vLuTVcB13qFzXI6XHZej6Q.3","action":"Commit.Sessions", "result":"Success", "context":{"id":"ec0870fd-197d-49bb-adb1-64265c8ffd33", "isDeleted":"true", "size":"0", "version":"1747640647617"}}
{"logTime": "0519/145239", "correlationVector":"vLuTVcB13qFzXI6XHZej6Q.4","action":"Commit.Sessions", "result":"Success", "context":{"id":"9c80ed6a-3d41-4de4-9f48-0fb66a22e312", "isDeleted":"true", "size":"0", "version":"1747641018553"}}
{"logTime": "0519/145239", "correlationVector":"vLuTVcB13qFzXI6XHZej6Q.5","action":"Commit.Sessions", "result":"Success", "context":{"id":"26e0adc7-7876-4e97-841c-f4394fa88332", "isDeleted":"true", "size":"0", "version":"1747640529885"}}
{"logTime": "0519/145239", "correlationVector":"vLuTVcB13qFzXI6XHZej6Q.6","action":"Commit.Sessions", "result":"Success", "context":{"id":"9a56bd9b-e7e8-45c2-accf-57f7874cff7a", "isDeleted":"true", "size":"0", "version":"1747640529886"}}
{"logTime": "0519/145239", "correlationVector":"vLuTVcB13qFzXI6XHZej6Q.7","action":"Commit.Sessions", "result":"Success", "context":{"id":"3252a404-7e73-4875-9dc2-a3c4c5154ce7", "isDeleted":"true", "size":"0", "version":"1747640529887"}}
{"logTime": "0519/145239", "correlationVector":"vLuTVcB13qFzXI6XHZej6Q.2","action":"Commit Response", "result":"Success", "context":Result: Success. cV=vLuTVcB13qFzXI6XHZej6Q.0;server=akswtt00700001z;cloudType=Consumer;environment=Prod_southeastasia_prod-s01-065-apac-southeastasia;migrationStage=NotStarted}
{"logTime": "0519/145239", "correlationVector":"vLuTVcB13qFzXI6XHZej6Q.8","action":"Commit.Sessions", "result":"Success", "context":{"id":"dc15b163-306b-4952-a7cb-87a36141f0b8", "isDeleted":"true", "size":"0", "version":"1747640529888"}}
{"logTime": "0519/145239", "correlationVector":"vLuTVcB13qFzXI6XHZej6Q.9","action":"Commit.Sessions", "result":"Success", "context":{"id":"d53d5024-2ca0-4b9a-a7ae-d482779be9fc", "isDeleted":"true", "size":"0", "version":"1747640529889"}}
{"logTime": "0519/145339", "correlationVector":"pZgo/lTezQa6mwbPuRqzsF","action":"Commit Request", "result":"", "context":Item count: 23
Contributing types: Sessions, History}
{"logTime": "0519/145340", "correlationVector":"pZgo/lTezQa6mwbPuRqzsF.1","action":"SyncServerConnectionManagerRequest", "result":"SYNC_SERVER_OK", "context":{"environment":"Prod_southeastasia_prod-s01-065-apac-southeastasia", "migrationStage":"NotStarted", "server":"akswtt00700002l"}}
{"logTime": "0519/145340", "correlationVector":"pZgo/lTezQa6mwbPuRqzsF.2","action":"Commit Response", "result":"Success", "context":Result: Success. cV=pZgo/lTezQa6mwbPuRqzsF.0;server=akswtt00700002l;cloudType=Consumer;environment=Prod_southeastasia_prod-s01-065-apac-southeastasia;migrationStage=NotStarted}
{"logTime": "0519/145446", "correlationVector":"b6m8S/zdQtjHnFAzbIGRL7","action":"Normal GetUpdate request", "result":"", "context":cV=b6m8S/zdQtjHnFAzbIGRL7
Nudged types: Sessions, History
Refresh requested types: Bookmarks, Preferences, Passwords, Autofill Profiles, Autofill, Extensions, Sessions, Extension settings, History Delete Directives, Device Info, User Consents, Send Tab To Self, Web Apps, History, Saved Tab Group, Collection, Edge E Drop, Edge Hub App Usage, Edge Tab Group, Edge Wallet, Encryption Keys}
{"logTime": "0519/145446", "correlationVector":"b6m8S/zdQtjHnFAzbIGRL7.1","action":"SyncServerConnectionManagerRequest", "result":"SYNC_SERVER_OK", "context":{"environment":"Prod_southeastasia_prod-s01-065-apac-southeastasia", "migrationStage":"NotStarted", "server":"akswtt00700003w"}}
{"logTime": "0519/145446", "correlationVector":"b6m8S/zdQtjHnFAzbIGRL7.2","action":"ProcessGetUpdates", "result":"Done", "context":{"dataType":"Sessions", "deleted":"7", "process_failed_to_decrypt":"0", "process_pending_decryption":"0", "process_success":"15", "total":"15"}}
{"logTime": "0519/145446", "correlationVector":"b6m8S/zdQtjHnFAzbIGRL7.3","action":"ProcessGetUpdates", "result":"Done", "context":{"dataType":"History", "deleted":"0", "process_failed_to_decrypt":"0", "process_pending_decryption":"0", "process_success":"15", "total":"15"}}
{"logTime": "0519/145446", "correlationVector":"b6m8S/zdQtjHnFAzbIGRL7.4","action":"GetUpdates Response", "result":"Success", "context":Received 30 update(s). cV=b6m8S/zdQtjHnFAzbIGRL7.0;server=akswtt00700003w;cloudType=Consumer;environment=Prod_southeastasia_prod-s01-065-apac-southeastasia;migrationStage=NotStarted}
{"logTime": "0519/145446", "correlationVector":"dRasrS6G187GSg8a8kfLmI","action":"Commit Request", "result":"", "context":Item count: 16
Contributing types: Sessions, History}
{"logTime": "0519/145447", "correlationVector":"dRasrS6G187GSg8a8kfLmI.1","action":"SyncServerConnectionManagerRequest", "result":"SYNC_SERVER_OK", "context":{"environment":"Prod_southeastasia_prod-s01-065-apac-southeastasia", "migrationStage":"NotStarted", "server":"akswtt007000035"}}
{"logTime": "0519/145447", "correlationVector":"dRasrS6G187GSg8a8kfLmI.3","action":"Commit.Sessions", "result":"Success", "context":{"id":"90980730-bde1-4794-baef-9ba3dbbb2fa8", "isDeleted":"true", "size":"0", "version":"1747641220186"}}
{"logTime": "0519/145447", "correlationVector":"dRasrS6G187GSg8a8kfLmI.4","action":"Commit.Sessions", "result":"Success", "context":{"id":"bbb63845-c712-44c2-8ccb-6f5680b90cb3", "isDeleted":"true", "size":"0", "version":"1747641220187"}}
{"logTime": "0519/145447", "correlationVector":"dRasrS6G187GSg8a8kfLmI.5","action":"Commit.Sessions", "result":"Success", "context":{"id":"7c53ebf5-b667-47cf-873a-b925555512aa", "isDeleted":"true", "size":"0", "version":"1747641220189"}}
{"logTime": "0519/145447", "correlationVector":"dRasrS6G187GSg8a8kfLmI.6","action":"Commit.Sessions", "result":"Success", "context":{"id":"91e6d04d-e822-4893-904c-b3c02d9b6246", "isDeleted":"true", "size":"0", "version":"1747641220190"}}
{"logTime": "0519/145447", "correlationVector":"dRasrS6G187GSg8a8kfLmI.2","action":"Commit Response", "result":"Success", "context":Result: Success. cV=dRasrS6G187GSg8a8kfLmI.0;server=akswtt007000035;cloudType=Consumer;environment=Prod_southeastasia_prod-s01-065-apac-southeastasia;migrationStage=NotStarted}
{"logTime": "0519/145447", "correlationVector":"dRasrS6G187GSg8a8kfLmI.7","action":"Commit.Sessions", "result":"Success", "context":{"id":"ddbc7dde-58f1-451f-8cc6-2d15f33c4fe5", "isDeleted":"true", "size":"0", "version":"1747641220191"}}
{"logTime": "0519/145447", "correlationVector":"dRasrS6G187GSg8a8kfLmI.8","action":"Commit.Sessions", "result":"Success", "context":{"id":"2f559850-e4ec-4acd-a5e4-98269759ae27", "isDeleted":"true", "size":"0", "version":"1747641220193"}}
{"logTime": "0519/145450", "correlationVector":"nFgR6BqGlUoYWHuqtaTBNx","action":"Commit Request", "result":"", "context":Item count: 5
Contributing types: Bookmarks, Sessions, History}
{"logTime": "0519/145451", "correlationVector":"nFgR6BqGlUoYWHuqtaTBNx.1","action":"SyncServerConnectionManagerRequest", "result":"SYNC_SERVER_OK", "context":{"environment":"Prod_southeastasia_prod-s01-065-apac-southeastasia", "migrationStage":"NotStarted", "server":"akswtt00700000a"}}
{"logTime": "0519/145451", "correlationVector":"nFgR6BqGlUoYWHuqtaTBNx.3","action":"Commit.Sessions", "result":"Success", "context":{"id":"aa3cbf0e-6d0b-428e-964c-436baa14d0a5", "isDeleted":"true", "size":"0", "version":"1747641287254"}}
{"logTime": "0519/145451", "correlationVector":"nFgR6BqGlUoYWHuqtaTBNx.2","action":"Commit Response", "result":"Success", "context":Result: Success. cV=nFgR6BqGlUoYWHuqtaTBNx.0;server=akswtt00700000a;cloudType=Consumer;environment=Prod_southeastasia_prod-s01-065-apac-southeastasia;migrationStage=NotStarted}
{"logTime": "0519/145554", "correlationVector":"8FqSa9MphDSUFd3dH4os0M","action":"Commit Request", "result":"", "context":Item count: 3
Contributing types: Sessions, History}
{"logTime": "0519/145554", "correlationVector":"8FqSa9MphDSUFd3dH4os0M.1","action":"SyncServerConnectionManagerRequest", "result":"SYNC_SERVER_OK", "context":{"environment":"Prod_southeastasia_prod-s01-065-apac-southeastasia", "migrationStage":"NotStarted", "server":"akswtt00700001s"}}
{"logTime": "0519/145554", "correlationVector":"8FqSa9MphDSUFd3dH4os0M.2","action":"Commit Response", "result":"Success", "context":Result: Success. cV=8FqSa9MphDSUFd3dH4os0M.0;server=akswtt00700001s;cloudType=Consumer;environment=Prod_southeastasia_prod-s01-065-apac-southeastasia;migrationStage=NotStarted}
{"logTime": "0519/145618", "correlationVector":"tfmsULG1G7Yo9JZh3a2Fkf","action":"Commit Request", "result":"", "context":Item count: 6
Contributing types: Bookmarks, Sessions, History}
{"logTime": "0519/145619", "correlationVector":"tfmsULG1G7Yo9JZh3a2Fkf.1","action":"SyncServerConnectionManagerRequest", "result":"SYNC_SERVER_OK", "context":{"environment":"Prod_southeastasia_prod-s01-065-apac-southeastasia", "migrationStage":"NotStarted", "server":"akswtt00700001d"}}
{"logTime": "0519/145619", "correlationVector":"tfmsULG1G7Yo9JZh3a2Fkf.2","action":"Commit Response", "result":"Success", "context":Result: Success. cV=tfmsULG1G7Yo9JZh3a2Fkf.0;server=akswtt00700001d;cloudType=Consumer;environment=Prod_southeastasia_prod-s01-065-apac-southeastasia;migrationStage=NotStarted}
{"logTime": "0519/145621", "correlationVector":"CPcWqBzokk6uG9X6ooEKVA","action":"Commit Request", "result":"", "context":Item count: 7
Contributing types: Passwords, Autofill, Sessions, History}
{"logTime": "0519/145621", "correlationVector":"CPcWqBzokk6uG9X6ooEKVA.1","action":"SyncServerConnectionManagerRequest", "result":"SYNC_SERVER_OK", "context":{"environment":"Prod_southeastasia_prod-s01-065-apac-southeastasia", "migrationStage":"NotStarted", "server":"akswtt007000017"}}
{"logTime": "0519/145621", "correlationVector":"CPcWqBzokk6uG9X6ooEKVA.2","action":"Commit Response", "result":"Success", "context":Result: Success. cV=CPcWqBzokk6uG9X6ooEKVA.0;server=akswtt007000017;cloudType=Consumer;environment=Prod_southeastasia_prod-s01-065-apac-southeastasia;migrationStage=NotStarted}
{"logTime": "0519/145723", "correlationVector":"VC+W5VJC73gZU1/E8YEHyx","action":"Commit Request", "result":"", "context":Item count: 6
Contributing types: Sessions, History}
{"logTime": "0519/145723", "correlationVector":"VC+W5VJC73gZU1/E8YEHyx.1","action":"SyncServerConnectionManagerRequest", "result":"SYNC_SERVER_OK", "context":{"environment":"Prod_southeastasia_prod-s01-065-apac-southeastasia", "migrationStage":"NotStarted", "server":"akswtt00700001z"}}
{"logTime": "0519/145723", "correlationVector":"VC+W5VJC73gZU1/E8YEHyx.2","action":"Commit Response", "result":"Success", "context":Result: Success. cV=VC+W5VJC73gZU1/E8YEHyx.0;server=akswtt00700001z;cloudType=Consumer;environment=Prod_southeastasia_prod-s01-065-apac-southeastasia;migrationStage=NotStarted}
{"logTime": "0519/145756", "correlationVector":"UazXC1cguo9bZkrU+hmqxd","action":"Commit Request", "result":"", "context":Item count: 1
Contributing types: Extension settings}
{"logTime": "0519/145756", "correlationVector":"UazXC1cguo9bZkrU+hmqxd.1","action":"SyncServerConnectionManagerRequest", "result":"SYNC_SERVER_OK", "context":{"environment":"Prod_southeastasia_prod-s01-065-apac-southeastasia", "migrationStage":"NotStarted", "server":"akswtt00700003a"}}
{"logTime": "0519/145756", "correlationVector":"UazXC1cguo9bZkrU+hmqxd.2","action":"Commit Response", "result":"Success", "context":Result: Success. cV=UazXC1cguo9bZkrU+hmqxd.0;server=akswtt00700003a;cloudType=Consumer;environment=Prod_southeastasia_prod-s01-065-apac-southeastasia;migrationStage=NotStarted}
{"logTime": "0519/145825", "correlationVector":"MRLmZPfeoYlVEKSHGDRd6B","action":"Normal GetUpdate request", "result":"", "context":cV=MRLmZPfeoYlVEKSHGDRd6B
Nudged types: Sessions
Refresh requested types: Bookmarks, Preferences, Passwords, Autofill Profiles, Autofill, Extensions, Sessions, Extension settings, History Delete Directives, Device Info, User Consents, Send Tab To Self, Web Apps, History, Saved Tab Group, Collection, Edge E Drop, Edge Hub App Usage, Edge Tab Group, Edge Wallet, Encryption Keys}
{"logTime": "0519/145826", "correlationVector":"MRLmZPfeoYlVEKSHGDRd6B.1","action":"SyncServerConnectionManagerRequest", "result":"SYNC_SERVER_OK", "context":{"environment":"Prod_southeastasia_prod-s01-065-apac-southeastasia", "migrationStage":"NotStarted", "server":"akswtt00700000f"}}
{"logTime": "0519/145826", "correlationVector":"MRLmZPfeoYlVEKSHGDRd6B.2","action":"ProcessGetUpdates", "result":"Done", "context":{"dataType":"Bookmarks", "deleted":"0", "process_failed_to_decrypt":"0", "process_pending_decryption":"0", "process_success":"2", "total":"2"}}
{"logTime": "0519/145826", "correlationVector":"MRLmZPfeoYlVEKSHGDRd6B.3","action":"ProcessGetUpdates", "result":"Done", "context":{"dataType":"Passwords", "deleted":"0", "process_failed_to_decrypt":"0", "process_pending_decryption":"0", "process_success":"2", "total":"2"}}
{"logTime": "0519/145826", "correlationVector":"MRLmZPfeoYlVEKSHGDRd6B.4","action":"ProcessGetUpdates", "result":"Done", "context":{"dataType":"Autofill", "deleted":"0", "process_failed_to_decrypt":"0", "process_pending_decryption":"0", "process_success":"1", "total":"1"}}
{"logTime": "0519/145826", "correlationVector":"MRLmZPfeoYlVEKSHGDRd6B.5","action":"ProcessGetUpdates", "result":"Done", "context":{"dataType":"Sessions", "deleted":"7", "process_failed_to_decrypt":"0", "process_pending_decryption":"0", "process_success":"10", "total":"10"}}
{"logTime": "0519/145826", "correlationVector":"MRLmZPfeoYlVEKSHGDRd6B.6","action":"ProcessGetUpdates", "result":"Done", "context":{"dataType":"Extension settings", "deleted":"0", "process_failed_to_decrypt":"0", "process_pending_decryption":"0", "process_success":"1", "total":"1"}}
{"logTime": "0519/145826", "correlationVector":"MRLmZPfeoYlVEKSHGDRd6B.7","action":"ProcessGetUpdates", "result":"Done", "context":{"dataType":"History", "deleted":"0", "process_failed_to_decrypt":"0", "process_pending_decryption":"0", "process_success":"16", "total":"16"}}
{"logTime": "0519/145826", "correlationVector":"MRLmZPfeoYlVEKSHGDRd6B.8","action":"GetUpdates Response", "result":"Success", "context":Received 32 update(s). cV=MRLmZPfeoYlVEKSHGDRd6B.0;server=akswtt00700000f;cloudType=Consumer;environment=Prod_southeastasia_prod-s01-065-apac-southeastasia;migrationStage=NotStarted}
{"logTime": "0519/145826", "correlationVector":"lWYNrNTHYRFx4UjDTolrKJ","action":"DoCompareDataConsistency requsted types: ", "result":"Bookmarks, Preferences, Passwords, Extensions, Extension settings, History Delete Directives, Send Tab To Self, Web Apps, History, Saved Tab Group, Collection, Edge E Drop, Edge Tab Group, Edge Wallet, Encryption Keys"}
{"logTime": "0519/145826", "correlationVector":"lWYNrNTHYRFx4UjDTolrKJ.0","action":"CompareDataConsistency result: ", "result":"Compare result: Encryption Keys is consistent. local entities count is: 1 local entities hash is: 4EjKt7konRKwTaZ5gb13je8HVjc="}
{"logTime": "0519/145826", "correlationVector":"lWYNrNTHYRFx4UjDTolrKJ.1","action":"CompareDataConsistency result: ", "result":"Compare result: Bookmarks is consistent. local entities count is: 26 local entities hash is: 0GlxBd69W4uAYbZD+nKOzZvzL7c="}
{"logTime": "0519/145826", "correlationVector":"lWYNrNTHYRFx4UjDTolrKJ.2","action":"CompareDataConsistency result: ", "result":"Compare result: Preferences is consistent. local entities count is: 124 local entities hash is: 2XN/0HFVdT7Kwligbu3vI/DqCPs="}
{"logTime": "0519/145826", "correlationVector":"lWYNrNTHYRFx4UjDTolrKJ.3","action":"CompareDataConsistency result: ", "result":"Compare result: Passwords is consistent. local entities count is: 153 local entities hash is: 7SWu+cdwSHFhgy04saIQgrvcXM8="}
{"logTime": "0519/145826", "correlationVector":"lWYNrNTHYRFx4UjDTolrKJ.4","action":"CompareDataConsistency result: ", "result":"Compare result: Extensions is consistent. local entities count is: 21 local entities hash is: VUUolAPWtHHQOSiLXFRVq5b6DVw="}
{"logTime": "0519/145826", "correlationVector":"lWYNrNTHYRFx4UjDTolrKJ.5","action":"CompareDataConsistency result: ", "result":"Compare result: Extension settings is consistent. local entities count is: 13 local entities hash is: Ykjm+5LG6NPu1f2nBE7XAV9MbI4="}
{"logTime": "0519/145826", "correlationVector":"lWYNrNTHYRFx4UjDTolrKJ.6","action":"CompareDataConsistency result: ", "result":"Compare result: History Delete Directives is consistent. local entities count is: 0 local entities hash is: "}
{"logTime": "0519/145826", "correlationVector":"lWYNrNTHYRFx4UjDTolrKJ.7","action":"CompareDataConsistency result: ", "result":"Server did not send this Send Tab To Self local entities count is: 0 local entities hash is: "}
{"logTime": "0519/145826", "correlationVector":"lWYNrNTHYRFx4UjDTolrKJ.8","action":"CompareDataConsistency result: ", "result":"Compare result: Web Apps is consistent. local entities count is: 0 local entities hash is: "}
{"logTime": "0519/145826", "correlationVector":"lWYNrNTHYRFx4UjDTolrKJ.9","action":"CompareDataConsistency result: ", "result":"Server did not send this History local entities count is: 0 local entities hash is: "}
{"logTime": "0519/145826", "correlationVector":"lWYNrNTHYRFx4UjDTolrKJ.10","action":"CompareDataConsistency result: ", "result":"Compare result: Saved Tab Group is consistent. local entities count is: 0 local entities hash is: "}
{"logTime": "0519/145826", "correlationVector":"lWYNrNTHYRFx4UjDTolrKJ.11","action":"CompareDataConsistency result: ", "result":"Compare result: Collection is consistent. local entities count is: 2 local entities hash is: Hj0SKCI/C/XXfbz5zUAT8hEnZ+g="}
{"logTime": "0519/145826", "correlationVector":"lWYNrNTHYRFx4UjDTolrKJ.12","action":"CompareDataConsistency result: ", "result":"Compare result: Edge E Drop is consistent. local entities count is: 0 local entities hash is: "}
{"logTime": "0519/145826", "correlationVector":"lWYNrNTHYRFx4UjDTolrKJ.13","action":"CompareDataConsistency result: ", "result":"Compare result: Edge Tab Group is consistent. local entities count is: 0 local entities hash is: "}
{"logTime": "0519/145826", "correlationVector":"lWYNrNTHYRFx4UjDTolrKJ.14","action":"CompareDataConsistency result: ", "result":"Compare result: Edge Wallet is consistent. local entities count is: 0 local entities hash is: "}
{"logTime": "0519/145826", "correlationVector":"Lr2hyyJfduyt/qFYdWkfld","action":"Commit Request", "result":"", "context":Item count: 3
Contributing types: Sessions}
{"logTime": "0519/145826", "correlationVector":"Lr2hyyJfduyt/qFYdWkfld.1","action":"SyncServerConnectionManagerRequest", "result":"SYNC_SERVER_OK", "context":{"environment":"Prod_southeastasia_prod-s01-065-apac-southeastasia", "migrationStage":"NotStarted", "server":"akswtt007000029"}}
{"logTime": "0519/145826", "correlationVector":"Lr2hyyJfduyt/qFYdWkfld.3","action":"Commit.Sessions", "result":"Success", "context":{"id":"89bea77f-d9df-4af8-af82-961210fbcf06", "isDeleted":"true", "size":"0", "version":"1747641443812"}}
{"logTime": "0519/145826", "correlationVector":"Lr2hyyJfduyt/qFYdWkfld.4","action":"Commit.Sessions", "result":"Success", "context":{"id":"cdbb5349-0fbe-492d-b5e8-ba36a609a797", "isDeleted":"true", "size":"0", "version":"1747641443813"}}
{"logTime": "0519/145826", "correlationVector":"Lr2hyyJfduyt/qFYdWkfld.2","action":"Commit Response", "result":"Success", "context":Result: Success. cV=Lr2hyyJfduyt/qFYdWkfld.0;server=akswtt007000029;cloudType=Consumer;environment=Prod_southeastasia_prod-s01-065-apac-southeastasia;migrationStage=NotStarted}
{"logTime": "0519/145826", "correlationVector":"","action":"DIAGNOSTIC_REQUEST|v1/diagnosticData/Diagnostic.SendCheckResult()|SUCCESS", "result":""}
{"logTime": "0519/145926", "correlationVector":"LwrTZ7zhec98/c0+/FYst7","action":"Commit Request", "result":"", "context":Item count: 13
Contributing types: Sessions, History}
{"logTime": "0519/145927", "correlationVector":"LwrTZ7zhec98/c0+/FYst7.1","action":"SyncServerConnectionManagerRequest", "result":"SYNC_SERVER_OK", "context":{"environment":"Prod_southeastasia_prod-s01-065-apac-southeastasia", "migrationStage":"NotStarted", "server":"akswtt007000014"}}
{"logTime": "0519/145927", "correlationVector":"LwrTZ7zhec98/c0+/FYst7.2","action":"Commit Response", "result":"Success", "context":Result: Success. cV=LwrTZ7zhec98/c0+/FYst7.0;server=akswtt007000014;cloudType=Consumer;environment=Prod_southeastasia_prod-s01-065-apac-southeastasia;migrationStage=NotStarted}
{"logTime": "0519/150044", "correlationVector":"RPrkwPn80fIfkD5E926OYB","action":"Commit Request", "result":"", "context":Item count: 13
Contributing types: Sessions, History}
{"logTime": "0519/150045", "correlationVector":"RPrkwPn80fIfkD5E926OYB.1","action":"SyncServerConnectionManagerRequest", "result":"SYNC_SERVER_OK", "context":{"environment":"Prod_southeastasia_prod-s01-065-apac-southeastasia", "migrationStage":"NotStarted", "server":"akswtt007000007"}}
{"logTime": "0519/150045", "correlationVector":"RPrkwPn80fIfkD5E926OYB.2","action":"Commit Response", "result":"Success", "context":Result: Success. cV=RPrkwPn80fIfkD5E926OYB.0;server=akswtt007000007;cloudType=Consumer;environment=Prod_southeastasia_prod-s01-065-apac-southeastasia;migrationStage=NotStarted}
{"logTime": "0519/150202", "correlationVector":"jnEciOFTyMBQjVwzV8IMZq","action":"Commit Request", "result":"", "context":Item count: 16
Contributing types: Sessions, History}
{"logTime": "0519/150203", "correlationVector":"jnEciOFTyMBQjVwzV8IMZq.1","action":"SyncServerConnectionManagerRequest", "result":"SYNC_SERVER_OK", "context":{"environment":"Prod_southeastasia_prod-s01-065-apac-southeastasia", "migrationStage":"NotStarted", "server":"akswtt00700000h"}}
{"logTime": "0519/150203", "correlationVector":"jnEciOFTyMBQjVwzV8IMZq.2","action":"Commit Response", "result":"Success", "context":Result: Success. cV=jnEciOFTyMBQjVwzV8IMZq.0;server=akswtt00700000h;cloudType=Consumer;environment=Prod_southeastasia_prod-s01-065-apac-southeastasia;migrationStage=NotStarted}
{"logTime": "0519/150309", "correlationVector":"OrRPYS9FFgCJUpwzaNivMD","action":"Commit Request", "result":"", "context":Item count: 2
Contributing types: Sessions, History}
{"logTime": "0519/150310", "correlationVector":"OrRPYS9FFgCJUpwzaNivMD.1","action":"SyncServerConnectionManagerRequest", "result":"SYNC_SERVER_OK", "context":{"environment":"Prod_southeastasia_prod-s01-064-apac-southeastasia", "migrationStage":"NotStarted", "server":"akswtt007000048"}}
{"logTime": "0519/150310", "correlationVector":"OrRPYS9FFgCJUpwzaNivMD.2","action":"Commit Response", "result":"Success", "context":Result: Success. cV=OrRPYS9FFgCJUpwzaNivMD.0;server=akswtt007000048;cloudType=Consumer;environment=Prod_southeastasia_prod-s01-064-apac-southeastasia;migrationStage=NotStarted}
{"logTime": "0519/150455", "correlationVector":"Q1bcRWyzN4vTVTmQKOXk5R","action":"Commit Request", "result":"", "context":Item count: 7
Contributing types: Sessions, History}
{"logTime": "0519/150456", "correlationVector":"Q1bcRWyzN4vTVTmQKOXk5R.1","action":"SyncServerConnectionManagerRequest", "result":"SYNC_SERVER_OK", "context":{"environment":"Prod_southeastasia_prod-s01-064-apac-southeastasia", "migrationStage":"NotStarted", "server":"akswtt007000041"}}
{"logTime": "0519/150456", "correlationVector":"Q1bcRWyzN4vTVTmQKOXk5R.2","action":"Commit Response", "result":"Success", "context":Result: Success. cV=Q1bcRWyzN4vTVTmQKOXk5R.0;server=akswtt007000041;cloudType=Consumer;environment=Prod_southeastasia_prod-s01-064-apac-southeastasia;migrationStage=NotStarted}
{"logTime": "0519/150946", "correlationVector":"Kqy1eBRCKJjL3gif8GViWf","action":"Commit Request", "result":"", "context":Item count: 8
Contributing types: Sessions, History}
{"logTime": "0519/150947", "correlationVector":"Kqy1eBRCKJjL3gif8GViWf.1","action":"SyncServerConnectionManagerRequest", "result":"SYNC_SERVER_OK", "context":{"environment":"Prod_southeastasia_prod-s01-065-apac-southeastasia", "migrationStage":"NotStarted", "server":"akswtt007000010"}}
{"logTime": "0519/150947", "correlationVector":"Kqy1eBRCKJjL3gif8GViWf.2","action":"Commit Response", "result":"Success", "context":Result: Success. cV=Kqy1eBRCKJjL3gif8GViWf.0;server=akswtt007000010;cloudType=Consumer;environment=Prod_southeastasia_prod-s01-065-apac-southeastasia;migrationStage=NotStarted}
{"logTime": "0519/151227", "correlationVector":"T/C09jBdxsVnJ1QF0NNzha","action":"Commit Request", "result":"", "context":Item count: 1
Contributing types: Extension settings}
{"logTime": "0519/151228", "correlationVector":"T/C09jBdxsVnJ1QF0NNzha.1","action":"SyncServerConnectionManagerRequest", "result":"SYNC_SERVER_OK", "context":{"environment":"Prod_southindia_prod-s01-004-apac-southindia", "migrationStage":"NotStarted", "server":"akswtt01200002n"}}
{"logTime": "0519/151228", "correlationVector":"T/C09jBdxsVnJ1QF0NNzha.2","action":"Commit Response", "result":"Success", "context":Result: Success. cV=T/C09jBdxsVnJ1QF0NNzha.0;server=akswtt01200002n;cloudType=Consumer;environment=Prod_southindia_prod-s01-004-apac-southindia;migrationStage=NotStarted}
{"logTime": "0519/151524", "correlationVector":"gSjTLc6iaZjeeP5wesnsCa","action":"Commit Request", "result":"", "context":Item count: 1
Contributing types: Sessions}
{"logTime": "0519/151524", "correlationVector":"gSjTLc6iaZjeeP5wesnsCa.1","action":"SyncServerConnectionManagerRequest", "result":"SYNC_SERVER_OK", "context":{"environment":"Prod_southeastasia_prod-s01-065-apac-southeastasia", "migrationStage":"NotStarted", "server":"akswtt007000044"}}
{"logTime": "0519/151524", "correlationVector":"gSjTLc6iaZjeeP5wesnsCa.2","action":"Commit Response", "result":"Success", "context":Result: Success. cV=gSjTLc6iaZjeeP5wesnsCa.0;server=akswtt007000044;cloudType=Consumer;environment=Prod_southeastasia_prod-s01-065-apac-southeastasia;migrationStage=NotStarted}
{"logTime": "0519/151852", "correlationVector":"OqvF+/D46jzMrxk4kdyYaE","action":"Commit Request", "result":"", "context":Item count: 5
Contributing types: Sessions, History}
{"logTime": "0519/151852", "correlationVector":"OqvF+/D46jzMrxk4kdyYaE.1","action":"SyncServerConnectionManagerRequest", "result":"SYNC_SERVER_OK", "context":{"environment":"Prod_southeastasia_prod-s01-065-apac-southeastasia", "migrationStage":"NotStarted", "server":"akswtt00700001e"}}
{"logTime": "0519/151852", "correlationVector":"OqvF+/D46jzMrxk4kdyYaE.2","action":"Commit Response", "result":"Success", "context":Result: Success. cV=OqvF+/D46jzMrxk4kdyYaE.0;server=akswtt00700001e;cloudType=Consumer;environment=Prod_southeastasia_prod-s01-065-apac-southeastasia;migrationStage=NotStarted}
{"logTime": "0519/152729", "correlationVector":"W8oOCoZfvxflwRb0x+6pOy","action":"Commit Request", "result":"", "context":Item count: 3
Contributing types: Sessions}
{"logTime": "0519/152729", "correlationVector":"W8oOCoZfvxflwRb0x+6pOy.1","action":"SyncServerConnectionManagerRequest", "result":"SYNC_SERVER_OK", "context":{"environment":"Prod_southeastasia_prod-s01-065-apac-southeastasia", "migrationStage":"NotStarted", "server":"akswtt00700002g"}}
{"logTime": "0519/152729", "correlationVector":"W8oOCoZfvxflwRb0x+6pOy.2","action":"Commit Response", "result":"Success", "context":Result: Success. cV=W8oOCoZfvxflwRb0x+6pOy.0;server=akswtt00700002g;cloudType=Consumer;environment=Prod_southeastasia_prod-s01-065-apac-southeastasia;migrationStage=NotStarted}
{"logTime": "0519/153212", "correlationVector":"CqWcL3gIEUjPIUe8uqsFYr","action":"Commit Request", "result":"", "context":Item count: 6
Contributing types: Sessions, History}
{"logTime": "0519/153212", "correlationVector":"CqWcL3gIEUjPIUe8uqsFYr.1","action":"SyncServerConnectionManagerRequest", "result":"SYNC_SERVER_OK", "context":{"environment":"Prod_southeastasia_prod-s01-064-apac-southeastasia", "migrationStage":"NotStarted", "server":"akswtt00700000x"}}
{"logTime": "0519/153212", "correlationVector":"CqWcL3gIEUjPIUe8uqsFYr.2","action":"Commit Response", "result":"Success", "context":Result: Success. cV=CqWcL3gIEUjPIUe8uqsFYr.0;server=akswtt00700000x;cloudType=Consumer;environment=Prod_southeastasia_prod-s01-064-apac-southeastasia;migrationStage=NotStarted}
{"logTime": "0519/154029", "correlationVector":"Q7ZJJIPzges4O8hX8vzOxn","action":"Normal GetUpdate request", "result":"", "context":cV=Q7ZJJIPzges4O8hX8vzOxn
Refresh requested types: Bookmarks, Preferences, Passwords, Autofill Profiles, Autofill, Extensions, Sessions, Extension settings, History Delete Directives, Device Info, User Consents, Send Tab To Self, Web Apps, History, Saved Tab Group, Collection, Edge E Drop, Edge Hub App Usage, Edge Tab Group, Edge Wallet, Encryption Keys}
{"logTime": "0519/154029", "correlationVector":"Q7ZJJIPzges4O8hX8vzOxn.1","action":"SyncServerConnectionManagerRequest", "result":"SYNC_SERVER_OK", "context":{"environment":"Prod_southeastasia_prod-s01-065-apac-southeastasia", "migrationStage":"NotStarted", "server":"akswtt00700000i"}}
{"logTime": "0519/154029", "correlationVector":"Q7ZJJIPzges4O8hX8vzOxn.2","action":"GetUpdates Response", "result":"Success", "context":Received 0 update(s). cV=Q7ZJJIPzges4O8hX8vzOxn.0;server=akswtt00700000i;cloudType=Consumer;environment=Prod_southeastasia_prod-s01-065-apac-southeastasia;migrationStage=NotStarted}
{"logTime": "0519/191242", "correlationVector":"KN+qvC03qKg9OX7bfe2nP1","action":"Normal GetUpdate request", "result":"", "context":cV=KN+qvC03qKg9OX7bfe2nP1
Nudged types: Sessions, Extension settings, History
Refresh requested types: Bookmarks, Preferences, Passwords, Autofill Profiles, Autofill, Extensions, Sessions, Extension settings, History Delete Directives, Device Info, User Consents, Send Tab To Self, Web Apps, History, Saved Tab Group, Collection, Edge E Drop, Edge Hub App Usage, Edge Tab Group, Edge Wallet, Encryption Keys}
{"logTime": "0519/191242", "correlationVector":"KN+qvC03qKg9OX7bfe2nP1.1","action":"SyncServerConnectionManagerRequest", "result":"SYNC_SERVER_OK", "context":{"environment":"Prod_southeastasia_prod-s01-065-apac-southeastasia", "migrationStage":"NotStarted", "server":"akswtt007000032"}}
{"logTime": "0519/191242", "correlationVector":"KN+qvC03qKg9OX7bfe2nP1.2","action":"GetUpdates Response", "result":"Success", "context":Received 0 update(s). cV=KN+qvC03qKg9OX7bfe2nP1.0;server=akswtt007000032;cloudType=Consumer;environment=Prod_southeastasia_prod-s01-065-apac-southeastasia;migrationStage=NotStarted}
{"logTime": "0519/191242", "correlationVector":"2sqja5/SRV73cP/6edXlgx","action":"Commit Request", "result":"", "context":Item count: 9
Contributing types: Sessions, Extension settings, History}
{"logTime": "0519/191243", "correlationVector":"2sqja5/SRV73cP/6edXlgx.1","action":"SyncServerConnectionManagerRequest", "result":"SYNC_SERVER_OK", "context":{"environment":"Prod_southeastasia_prod-s01-065-apac-southeastasia", "migrationStage":"NotStarted", "server":"akswtt00700000p"}}
{"logTime": "0519/191243", "correlationVector":"2sqja5/SRV73cP/6edXlgx.2","action":"Commit Response", "result":"Success", "context":Result: Success. cV=2sqja5/SRV73cP/6edXlgx.0;server=akswtt00700000p;cloudType=Consumer;environment=Prod_southeastasia_prod-s01-065-apac-southeastasia;migrationStage=NotStarted}
{"logTime": "0519/191351", "correlationVector":"w5KbBNKD9Qokwt0MpLMCHd","action":"Commit Request", "result":"", "context":Item count: 6
Contributing types: Bookmarks, Preferences, Autofill, Sessions, History}
{"logTime": "0519/191352", "correlationVector":"w5KbBNKD9Qokwt0MpLMCHd.1","action":"SyncServerConnectionManagerRequest", "result":"SYNC_SERVER_OK", "context":{"environment":"Prod_southeastasia_prod-s01-065-apac-southeastasia", "migrationStage":"NotStarted", "server":"akswtt00700004j"}}
{"logTime": "0519/191352", "correlationVector":"w5KbBNKD9Qokwt0MpLMCHd.2","action":"Commit Response", "result":"Success", "context":Result: Success. cV=w5KbBNKD9Qokwt0MpLMCHd.0;server=akswtt00700004j;cloudType=Consumer;environment=Prod_southeastasia_prod-s01-065-apac-southeastasia;migrationStage=NotStarted}
{"logTime": "0519/191353", "correlationVector":"RxPhu2lkdbi+zBsdMcjuQu","action":"Commit Request", "result":"", "context":Item count: 5
Contributing types: Passwords, Sessions, History}
{"logTime": "0519/191354", "correlationVector":"RxPhu2lkdbi+zBsdMcjuQu.1","action":"SyncServerConnectionManagerRequest", "result":"SYNC_SERVER_OK", "context":{"environment":"Prod_southeastasia_prod-s01-065-apac-southeastasia", "migrationStage":"NotStarted", "server":"akswtt00700003a"}}
{"logTime": "0519/191354", "correlationVector":"RxPhu2lkdbi+zBsdMcjuQu.2","action":"Commit Response", "result":"Success", "context":Result: Success. cV=RxPhu2lkdbi+zBsdMcjuQu.0;server=akswtt00700003a;cloudType=Consumer;environment=Prod_southeastasia_prod-s01-065-apac-southeastasia;migrationStage=NotStarted}
{"logTime": "0519/192723", "correlationVector":"weLrWmjloV2heRR8Vfy0ZY","action":"Normal GetUpdate request", "result":"", "context":cV=weLrWmjloV2heRR8Vfy0ZY
Nudged types: Sessions, History
Refresh requested types: Bookmarks, Preferences, Passwords, Autofill Profiles, Autofill, Extensions, Sessions, Extension settings, History Delete Directives, Device Info, User Consents, Send Tab To Self, Web Apps, History, Saved Tab Group, Collection, Edge E Drop, Edge Hub App Usage, Edge Tab Group, Edge Wallet, Encryption Keys}
{"logTime": "0519/192723", "correlationVector":"weLrWmjloV2heRR8Vfy0ZY.1","action":"SyncServerConnectionManagerRequest", "result":"SYNC_SERVER_OK", "context":{"environment":"Prod_southeastasia_prod-s01-065-apac-southeastasia", "migrationStage":"NotStarted", "server":"akswtt00700001y"}}
{"logTime": "0519/192723", "correlationVector":"weLrWmjloV2heRR8Vfy0ZY.2","action":"ProcessGetUpdates", "result":"Done", "context":{"dataType":"Bookmarks", "deleted":"0", "process_failed_to_decrypt":"0", "process_pending_decryption":"0", "process_success":"1", "total":"1"}}
{"logTime": "0519/192723", "correlationVector":"weLrWmjloV2heRR8Vfy0ZY.3","action":"ProcessGetUpdates", "result":"Done", "context":{"dataType":"Preferences", "deleted":"0", "process_failed_to_decrypt":"0", "process_pending_decryption":"0", "process_success":"1", "total":"1"}}
{"logTime": "0519/192723", "correlationVector":"weLrWmjloV2heRR8Vfy0ZY.4","action":"ProcessGetUpdates", "result":"Done", "context":{"dataType":"Passwords", "deleted":"0", "process_failed_to_decrypt":"0", "process_pending_decryption":"0", "process_success":"2", "total":"2"}}
{"logTime": "0519/192723", "correlationVector":"weLrWmjloV2heRR8Vfy0ZY.5","action":"ProcessGetUpdates", "result":"Done", "context":{"dataType":"Autofill", "deleted":"0", "process_failed_to_decrypt":"0", "process_pending_decryption":"0", "process_success":"1", "total":"1"}}
{"logTime": "0519/192723", "correlationVector":"weLrWmjloV2heRR8Vfy0ZY.6","action":"ProcessGetUpdates", "result":"Done", "context":{"dataType":"Sessions", "deleted":"0", "process_failed_to_decrypt":"0", "process_pending_decryption":"0", "process_success":"2", "total":"2"}}
{"logTime": "0519/192723", "correlationVector":"weLrWmjloV2heRR8Vfy0ZY.7","action":"ProcessGetUpdates", "result":"Done", "context":{"dataType":"Extension settings", "deleted":"0", "process_failed_to_decrypt":"0", "process_pending_decryption":"0", "process_success":"1", "total":"1"}}
{"logTime": "0519/192723", "correlationVector":"weLrWmjloV2heRR8Vfy0ZY.8","action":"ProcessGetUpdates", "result":"Done", "context":{"dataType":"History", "deleted":"0", "process_failed_to_decrypt":"0", "process_pending_decryption":"0", "process_success":"9", "total":"9"}}
{"logTime": "0519/192723", "correlationVector":"weLrWmjloV2heRR8Vfy0ZY.9","action":"GetUpdates Response", "result":"Success", "context":Received 17 update(s). cV=weLrWmjloV2heRR8Vfy0ZY.0;server=akswtt00700001y;cloudType=Consumer;environment=Prod_southeastasia_prod-s01-065-apac-southeastasia;migrationStage=NotStarted}
{"logTime": "0519/192723", "correlationVector":"kO4Wn0wVR9CNrqDFYcaMtL","action":"Commit Request", "result":"", "context":Item count: 3
Contributing types: Sessions, History}
{"logTime": "0519/192723", "correlationVector":"kO4Wn0wVR9CNrqDFYcaMtL.1","action":"SyncServerConnectionManagerRequest", "result":"SYNC_SERVER_OK", "context":{"environment":"Prod_southeastasia_prod-s01-065-apac-southeastasia", "migrationStage":"NotStarted", "server":"akswtt007000023"}}
{"logTime": "0519/192723", "correlationVector":"kO4Wn0wVR9CNrqDFYcaMtL.3","action":"Commit.Sessions", "result":"Success", "context":{"id":"e0b3b4b9-27d7-4479-858a-095f7f601e5e", "isDeleted":"true", "size":"0", "version":"1747656834618"}}
{"logTime": "0519/192723", "correlationVector":"kO4Wn0wVR9CNrqDFYcaMtL.2","action":"Commit Response", "result":"Success", "context":Result: Success. cV=kO4Wn0wVR9CNrqDFYcaMtL.0;server=akswtt007000023;cloudType=Consumer;environment=Prod_southeastasia_prod-s01-065-apac-southeastasia;migrationStage=NotStarted}
{"logTime": "0519/194139", "correlationVector":"x+F7NxLLgYwARhDNCyT9/G","action":"Normal GetUpdate request", "result":"", "context":cV=x+F7NxLLgYwARhDNCyT9/G
Refresh requested types: Bookmarks, Preferences, Passwords, Autofill Profiles, Autofill, Extensions, Sessions, Extension settings, History Delete Directives, Device Info, User Consents, Send Tab To Self, Web Apps, History, Saved Tab Group, Collection, Edge E Drop, Edge Hub App Usage, Edge Tab Group, Edge Wallet, Encryption Keys}
{"logTime": "0519/194140", "correlationVector":"x+F7NxLLgYwARhDNCyT9/G.1","action":"SyncServerConnectionManagerRequest", "result":"SYNC_SERVER_OK", "context":{"environment":"Prod_southeastasia_prod-s01-065-apac-southeastasia", "migrationStage":"NotStarted", "server":"akswtt00700001f"}}
{"logTime": "0519/194140", "correlationVector":"x+F7NxLLgYwARhDNCyT9/G.2","action":"ProcessGetUpdates", "result":"Done", "context":{"dataType":"Sessions", "deleted":"1", "process_failed_to_decrypt":"0", "process_pending_decryption":"0", "process_success":"2", "total":"2"}}
{"logTime": "0519/194140", "correlationVector":"x+F7NxLLgYwARhDNCyT9/G.3","action":"ProcessGetUpdates", "result":"Done", "context":{"dataType":"History", "deleted":"0", "process_failed_to_decrypt":"0", "process_pending_decryption":"0", "process_success":"1", "total":"1"}}
{"logTime": "0519/194140", "correlationVector":"x+F7NxLLgYwARhDNCyT9/G.4","action":"GetUpdates Response", "result":"Success", "context":Received 3 update(s). cV=x+F7NxLLgYwARhDNCyT9/G.0;server=akswtt00700001f;cloudType=Consumer;environment=Prod_southeastasia_prod-s01-065-apac-southeastasia;migrationStage=NotStarted}
{"logTime": "0519/194314", "correlationVector":"Hp2uTb3F2Fu6pJtx3uAB07","action":"Normal GetUpdate request", "result":"", "context":cV=Hp2uTb3F2Fu6pJtx3uAB07
Nudged types: Sessions, History
Refresh requested types: Bookmarks, Preferences, Passwords, Autofill Profiles, Autofill, Extensions, Sessions, Extension settings, History Delete Directives, Device Info, User Consents, Send Tab To Self, Web Apps, History, Saved Tab Group, Collection, Edge E Drop, Edge Hub App Usage, Edge Tab Group, Edge Wallet, Encryption Keys}
{"logTime": "0519/194314", "correlationVector":"Hp2uTb3F2Fu6pJtx3uAB07.1","action":"SyncServerConnectionManagerRequest", "result":"SYNC_SERVER_OK", "context":{"environment":"Prod_southeastasia_prod-s01-064-apac-southeastasia", "migrationStage":"NotStarted", "server":"akswtt00700003u"}}
{"logTime": "0519/194314", "correlationVector":"Hp2uTb3F2Fu6pJtx3uAB07.2","action":"GetUpdates Response", "result":"Success", "context":Received 0 update(s). cV=Hp2uTb3F2Fu6pJtx3uAB07.0;server=akswtt00700003u;cloudType=Consumer;environment=Prod_southeastasia_prod-s01-064-apac-southeastasia;migrationStage=NotStarted}
{"logTime": "0519/194314", "correlationVector":"UcnlRai1vEHK3+66e01aAq","action":"Commit Request", "result":"", "context":Item count: 8
Contributing types: Sessions, History}
{"logTime": "0519/194315", "correlationVector":"UcnlRai1vEHK3+66e01aAq.1","action":"SyncServerConnectionManagerRequest", "result":"SYNC_SERVER_OK", "context":{"environment":"Prod_southeastasia_prod-s01-064-apac-southeastasia", "migrationStage":"NotStarted", "server":"akswtt00700002y"}}
{"logTime": "0519/194315", "correlationVector":"UcnlRai1vEHK3+66e01aAq.2","action":"Commit Response", "result":"Success", "context":Result: Success. cV=UcnlRai1vEHK3+66e01aAq.0;server=akswtt00700002y;cloudType=Consumer;environment=Prod_southeastasia_prod-s01-064-apac-southeastasia;migrationStage=NotStarted}
{"logTime": "0519/221509", "correlationVector":"i3tRYV8yjG79jvSUu+GnOU","action":"Normal GetUpdate request", "result":"", "context":cV=i3tRYV8yjG79jvSUu+GnOU
Nudged types: Sessions
Refresh requested types: Bookmarks, Preferences, Passwords, Autofill Profiles, Autofill, Extensions, Sessions, Extension settings, History Delete Directives, Device Info, User Consents, Send Tab To Self, Web Apps, History, Saved Tab Group, Collection, Edge E Drop, Edge Hub App Usage, Edge Tab Group, Edge Wallet, Encryption Keys}
{"logTime": "0519/221510", "correlationVector":"i3tRYV8yjG79jvSUu+GnOU.1","action":"SyncServerConnectionManagerRequest", "result":"SYNC_SERVER_OK", "context":{"environment":"Prod_southeastasia_prod-s01-065-apac-southeastasia", "migrationStage":"NotStarted", "server":"akswtt00700004b"}}
{"logTime": "0519/221510", "correlationVector":"i3tRYV8yjG79jvSUu+GnOU.2","action":"ProcessGetUpdates", "result":"Done", "context":{"dataType":"Sessions", "deleted":"0", "process_failed_to_decrypt":"0", "process_pending_decryption":"0", "process_success":"2", "total":"2"}}
{"logTime": "0519/221510", "correlationVector":"i3tRYV8yjG79jvSUu+GnOU.3","action":"ProcessGetUpdates", "result":"Done", "context":{"dataType":"History", "deleted":"0", "process_failed_to_decrypt":"0", "process_pending_decryption":"0", "process_success":"6", "total":"6"}}
{"logTime": "0519/221510", "correlationVector":"i3tRYV8yjG79jvSUu+GnOU.4","action":"GetUpdates Response", "result":"Success", "context":Received 8 update(s). cV=i3tRYV8yjG79jvSUu+GnOU.0;server=akswtt00700004b;cloudType=Consumer;environment=Prod_southeastasia_prod-s01-065-apac-southeastasia;migrationStage=NotStarted}
{"logTime": "0519/221510", "correlationVector":"Ii3YZg441MXmwejiHqoqRC","action":"Commit Request", "result":"", "context":Item count: 2
Contributing types: Sessions, Extension settings}
{"logTime": "0519/221510", "correlationVector":"Ii3YZg441MXmwejiHqoqRC.1","action":"SyncServerConnectionManagerRequest", "result":"SYNC_SERVER_OK", "context":{"environment":"Prod_southeastasia_prod-s01-065-apac-southeastasia", "migrationStage":"NotStarted", "server":"akswtt00700002p"}}
{"logTime": "0519/221510", "correlationVector":"Ii3YZg441MXmwejiHqoqRC.3","action":"Commit.Sessions", "result":"Success", "context":{"id":"c1575111-d121-4ad6-b1ec-5954c198a46f", "isDeleted":"true", "size":"0", "version":"1747658595660"}}
{"logTime": "0519/221510", "correlationVector":"Ii3YZg441MXmwejiHqoqRC.2","action":"Commit Response", "result":"Success", "context":Result: Success. cV=Ii3YZg441MXmwejiHqoqRC.0;server=akswtt00700002p;cloudType=Consumer;environment=Prod_southeastasia_prod-s01-065-apac-southeastasia;migrationStage=NotStarted}
{"logTime": "0519/221510", "correlationVector":"fOCnRu6+5o1qFAry7tCccW","action":"Poll GetUpdate request", "result":"", "context":cV=fOCnRu6+5o1qFAry7tCccW}
{"logTime": "0519/221510", "correlationVector":"fOCnRu6+5o1qFAry7tCccW.1","action":"SyncServerConnectionManagerRequest", "result":"SYNC_SERVER_OK", "context":{"environment":"Prod_southeastasia_prod-s01-065-apac-southeastasia", "migrationStage":"NotStarted", "server":"akswtt00700004b"}}
{"logTime": "0519/221510", "correlationVector":"fOCnRu6+5o1qFAry7tCccW.2","action":"ProcessGetUpdates", "result":"Done", "context":{"dataType":"Sessions", "deleted":"1", "process_failed_to_decrypt":"0", "process_pending_decryption":"0", "process_success":"1", "total":"1"}}
{"logTime": "0519/221510", "correlationVector":"fOCnRu6+5o1qFAry7tCccW.3","action":"ProcessGetUpdates", "result":"Done", "context":{"dataType":"Extension settings", "deleted":"0", "process_failed_to_decrypt":"0", "process_pending_decryption":"0", "process_success":"1", "total":"1"}}
{"logTime": "0519/221510", "correlationVector":"fOCnRu6+5o1qFAry7tCccW.4","action":"GetUpdates Response", "result":"Success", "context":Received 2 update(s). cV=fOCnRu6+5o1qFAry7tCccW.0;server=akswtt00700004b;cloudType=Consumer;environment=Prod_southeastasia_prod-s01-065-apac-southeastasia;migrationStage=NotStarted}
{"logTime": "0519/221524", "correlationVector":"6yNYcJbtqjWBkvnVMDvE2d","action":"Commit Request", "result":"", "context":Item count: 6
Contributing types: Autofill, Sessions, History}
{"logTime": "0519/221525", "correlationVector":"6yNYcJbtqjWBkvnVMDvE2d.1","action":"SyncServerConnectionManagerRequest", "result":"SYNC_SERVER_OK", "context":{"environment":"Prod_southeastasia_prod-s01-065-apac-southeastasia", "migrationStage":"NotStarted", "server":"akswtt00700004c"}}
{"logTime": "0519/221525", "correlationVector":"6yNYcJbtqjWBkvnVMDvE2d.2","action":"Commit Response", "result":"Success", "context":Result: Success. cV=6yNYcJbtqjWBkvnVMDvE2d.0;server=akswtt00700004c;cloudType=Consumer;environment=Prod_southeastasia_prod-s01-065-apac-southeastasia;migrationStage=NotStarted}
{"logTime": "0519/221526", "correlationVector":"DUXiZonjWN/7j5wXiuCwQk","action":"Commit Request", "result":"", "context":Item count: 3
Contributing types: Passwords, Sessions, History}
{"logTime": "0519/221526", "correlationVector":"DUXiZonjWN/7j5wXiuCwQk.1","action":"SyncServerConnectionManagerRequest", "result":"SYNC_SERVER_OK", "context":{"environment":"Prod_southeastasia_prod-s01-065-apac-southeastasia", "migrationStage":"NotStarted", "server":"akswtt00700002n"}}
{"logTime": "0519/221526", "correlationVector":"DUXiZonjWN/7j5wXiuCwQk.2","action":"Commit Response", "result":"Success", "context":Result: Success. cV=DUXiZonjWN/7j5wXiuCwQk.0;server=akswtt00700002n;cloudType=Consumer;environment=Prod_southeastasia_prod-s01-065-apac-southeastasia;migrationStage=NotStarted}
{"logTime": "0519/222101", "correlationVector":"nW5x6zz1Ac6elCBmYFvBlZ","action":"Normal GetUpdate request", "result":"", "context":cV=nW5x6zz1Ac6elCBmYFvBlZ
Nudged types: Sessions, History
Refresh requested types: Bookmarks, Preferences, Passwords, Autofill Profiles, Autofill, Extensions, Sessions, Extension settings, History Delete Directives, Device Info, User Consents, Send Tab To Self, Web Apps, History, Saved Tab Group, Collection, Edge E Drop, Edge Hub App Usage, Edge Tab Group, Edge Wallet, Encryption Keys}
{"logTime": "0519/222102", "correlationVector":"nW5x6zz1Ac6elCBmYFvBlZ.1","action":"SyncServerConnectionManagerRequest", "result":"SYNC_SERVER_OK", "context":{"environment":"Prod_southeastasia_prod-s01-065-apac-southeastasia", "migrationStage":"NotStarted", "server":"akswtt007000007"}}
{"logTime": "0519/222102", "correlationVector":"nW5x6zz1Ac6elCBmYFvBlZ.2","action":"ProcessGetUpdates", "result":"Done", "context":{"dataType":"Passwords", "deleted":"0", "process_failed_to_decrypt":"0", "process_pending_decryption":"0", "process_success":"1", "total":"1"}}
{"logTime": "0519/222102", "correlationVector":"nW5x6zz1Ac6elCBmYFvBlZ.3","action":"ProcessGetUpdates", "result":"Done", "context":{"dataType":"Autofill", "deleted":"0", "process_failed_to_decrypt":"0", "process_pending_decryption":"0", "process_success":"1", "total":"1"}}
{"logTime": "0519/222102", "correlationVector":"nW5x6zz1Ac6elCBmYFvBlZ.4","action":"ProcessGetUpdates", "result":"Done", "context":{"dataType":"Sessions", "deleted":"0", "process_failed_to_decrypt":"0", "process_pending_decryption":"0", "process_success":"2", "total":"2"}}
{"logTime": "0519/222102", "correlationVector":"nW5x6zz1Ac6elCBmYFvBlZ.5","action":"ProcessGetUpdates", "result":"Done", "context":{"dataType":"History", "deleted":"0", "process_failed_to_decrypt":"0", "process_pending_decryption":"0", "process_success":"3", "total":"3"}}
{"logTime": "0519/222102", "correlationVector":"nW5x6zz1Ac6elCBmYFvBlZ.6","action":"GetUpdates Response", "result":"Success", "context":Received 7 update(s). cV=nW5x6zz1Ac6elCBmYFvBlZ.0;server=akswtt007000007;cloudType=Consumer;environment=Prod_southeastasia_prod-s01-065-apac-southeastasia;migrationStage=NotStarted}
{"logTime": "0519/222102", "correlationVector":"5NH1+DC9vNOBsn9rv+NiDy","action":"Commit Request", "result":"", "context":Item count: 3
Contributing types: Sessions, History}
{"logTime": "0519/222102", "correlationVector":"5NH1+DC9vNOBsn9rv+NiDy.1","action":"SyncServerConnectionManagerRequest", "result":"SYNC_SERVER_OK", "context":{"environment":"Prod_southeastasia_prod-s01-065-apac-southeastasia", "migrationStage":"NotStarted", "server":"akswtt00700000l"}}
{"logTime": "0519/222102", "correlationVector":"5NH1+DC9vNOBsn9rv+NiDy.3","action":"Commit.Sessions", "result":"Success", "context":{"id":"d7c8a889-cfca-4406-8ec8-38856825aaf7", "isDeleted":"true", "size":"0", "version":"1747667727525"}}
{"logTime": "0519/222102", "correlationVector":"5NH1+DC9vNOBsn9rv+NiDy.2","action":"Commit Response", "result":"Success", "context":Result: Success. cV=5NH1+DC9vNOBsn9rv+NiDy.0;server=akswtt00700000l;cloudType=Consumer;environment=Prod_southeastasia_prod-s01-065-apac-southeastasia;migrationStage=NotStarted}
{"logTime": "0519/222120", "correlationVector":"OGAJFIiPSfaVNsL0w6m8Up","action":"Commit Request", "result":"", "context":Item count: 7
Contributing types: Autofill, Sessions, History}
{"logTime": "0519/222120", "correlationVector":"OGAJFIiPSfaVNsL0w6m8Up.1","action":"SyncServerConnectionManagerRequest", "result":"SYNC_SERVER_OK", "context":{"environment":"Prod_southeastasia_prod-s01-065-apac-southeastasia", "migrationStage":"NotStarted", "server":"akswtt00700001h"}}
{"logTime": "0519/222120", "correlationVector":"OGAJFIiPSfaVNsL0w6m8Up.2","action":"Commit Response", "result":"Success", "context":Result: Success. cV=OGAJFIiPSfaVNsL0w6m8Up.0;server=akswtt00700001h;cloudType=Consumer;environment=Prod_southeastasia_prod-s01-065-apac-southeastasia;migrationStage=NotStarted}
{"logTime": "0519/222123", "correlationVector":"OnCI85D6y8tGqrg3ldWO2Q","action":"Commit Request", "result":"", "context":Item count: 3
Contributing types: Passwords, Sessions, History}
{"logTime": "0519/222123", "correlationVector":"OnCI85D6y8tGqrg3ldWO2Q.1","action":"SyncServerConnectionManagerRequest", "result":"SYNC_SERVER_OK", "context":{"environment":"Prod_southeastasia_prod-s01-065-apac-southeastasia", "migrationStage":"NotStarted", "server":"akswtt00700001j"}}
{"logTime": "0519/222123", "correlationVector":"OnCI85D6y8tGqrg3ldWO2Q.2","action":"Commit Response", "result":"Success", "context":Result: Success. cV=OnCI85D6y8tGqrg3ldWO2Q.0;server=akswtt00700001j;cloudType=Consumer;environment=Prod_southeastasia_prod-s01-065-apac-southeastasia;migrationStage=NotStarted}
{"logTime": "0520/064935", "correlationVector":"K+YUeWsMSX8g1Zq5DU9cIJ","action":"Normal GetUpdate request", "result":"", "context":cV=K+YUeWsMSX8g1Zq5DU9cIJ
Nudged types: Sessions, Extension settings, History, Edge Hub App Usage
Refresh requested types: Bookmarks, Preferences, Passwords, Autofill Profiles, Autofill, Extensions, Sessions, Extension settings, History Delete Directives, Device Info, User Consents, Send Tab To Self, Web Apps, History, Saved Tab Group, Collection, Edge E Drop, Edge Hub App Usage, Edge Tab Group, Edge Wallet, Encryption Keys}
{"logTime": "0520/064936", "correlationVector":"K+YUeWsMSX8g1Zq5DU9cIJ.1","action":"SyncServerConnectionManagerRequest", "result":"SYNC_SERVER_OK", "context":{"environment":"Prod_southeastasia_prod-s01-064-apac-southeastasia", "migrationStage":"NotStarted", "server":"akswtt007000010"}}
{"logTime": "0520/064936", "correlationVector":"K+YUeWsMSX8g1Zq5DU9cIJ.2","action":"ProcessGetUpdates", "result":"Done", "context":{"dataType":"Passwords", "deleted":"0", "process_failed_to_decrypt":"0", "process_pending_decryption":"0", "process_success":"1", "total":"1"}}
{"logTime": "0520/064936", "correlationVector":"K+YUeWsMSX8g1Zq5DU9cIJ.3","action":"ProcessGetUpdates", "result":"Done", "context":{"dataType":"Autofill", "deleted":"0", "process_failed_to_decrypt":"0", "process_pending_decryption":"0", "process_success":"1", "total":"1"}}
{"logTime": "0520/064936", "correlationVector":"K+YUeWsMSX8g1Zq5DU9cIJ.4","action":"ProcessGetUpdates", "result":"Done", "context":{"dataType":"Sessions", "deleted":"1", "process_failed_to_decrypt":"0", "process_pending_decryption":"0", "process_success":"3", "total":"3"}}
{"logTime": "0520/064936", "correlationVector":"K+YUeWsMSX8g1Zq5DU9cIJ.5","action":"ProcessGetUpdates", "result":"Done", "context":{"dataType":"History", "deleted":"0", "process_failed_to_decrypt":"0", "process_pending_decryption":"0", "process_success":"5", "total":"5"}}
{"logTime": "0520/064936", "correlationVector":"K+YUeWsMSX8g1Zq5DU9cIJ.6","action":"GetUpdates Response", "result":"Success", "context":Received 10 update(s). cV=K+YUeWsMSX8g1Zq5DU9cIJ.0;server=akswtt007000010;cloudType=Consumer;environment=Prod_southeastasia_prod-s01-064-apac-southeastasia;migrationStage=NotStarted}
{"logTime": "0520/064936", "correlationVector":"LPtd7Z2xjdTSxdCHGwXKFb","action":"Commit Request", "result":"", "context":Item count: 12
Contributing types: Sessions, Extension settings, History, Edge Hub App Usage}
{"logTime": "0520/064937", "correlationVector":"LPtd7Z2xjdTSxdCHGwXKFb.1","action":"SyncServerConnectionManagerRequest", "result":"SYNC_SERVER_OK", "context":{"environment":"Prod_southeastasia_prod-s01-064-apac-southeastasia", "migrationStage":"NotStarted", "server":"akswtt00700001s"}}
{"logTime": "0520/064937", "correlationVector":"LPtd7Z2xjdTSxdCHGwXKFb.3","action":"Commit.Sessions", "result":"Success", "context":{"id":"463ff775-52ad-4b3e-bbb3-1564592ff573", "isDeleted":"true", "size":"0", "version":"1746496962785"}}
{"logTime": "0520/064937", "correlationVector":"LPtd7Z2xjdTSxdCHGwXKFb.4","action":"Commit.Sessions", "result":"Success", "context":{"id":"0529a8bc-a7df-4a9c-9b0c-aa9c194163c3", "isDeleted":"true", "size":"0", "version":"1746496962787"}}
{"logTime": "0520/064937", "correlationVector":"LPtd7Z2xjdTSxdCHGwXKFb.2","action":"Commit Response", "result":"Success", "context":Result: Success. cV=LPtd7Z2xjdTSxdCHGwXKFb.0;server=akswtt00700001s;cloudType=Consumer;environment=Prod_southeastasia_prod-s01-064-apac-southeastasia;migrationStage=NotStarted}
{"logTime": "0520/064937", "correlationVector":"LPtd7Z2xjdTSxdCHGwXKFb.5","action":"Commit.Edge Hub App Usage", "result":"Success", "context":{"id":"ed2495d2-b7cd-4b0a-aa2f-93ca51b2d55c", "isDeleted":"true", "size":"0", "version":"1739935736251"}}
{"logTime": "0520/064937", "correlationVector":"LPtd7Z2xjdTSxdCHGwXKFb.6","action":"Commit.Edge Hub App Usage", "result":"Success", "context":{"id":"3abaff3d-07a7-47af-aeb0-04e99013b059", "isDeleted":"true", "size":"0", "version":"1739935736252"}}
{"logTime": "0520/064937", "correlationVector":"qVOBxLtjyano++Xle/UQmc","action":"Commit Request", "result":"", "context":Item count: 3
Contributing types: Sessions, History}
{"logTime": "0520/064937", "correlationVector":"qVOBxLtjyano++Xle/UQmc.1","action":"SyncServerConnectionManagerRequest", "result":"SYNC_SERVER_OK", "context":{"environment":"Prod_southeastasia_prod-s01-064-apac-southeastasia", "migrationStage":"NotStarted", "server":"akswtt007000010"}}
{"logTime": "0520/064937", "correlationVector":"qVOBxLtjyano++Xle/UQmc.2","action":"Commit Response", "result":"Success", "context":Result: Success. cV=qVOBxLtjyano++Xle/UQmc.0;server=akswtt007000010;cloudType=Consumer;environment=Prod_southeastasia_prod-s01-064-apac-southeastasia;migrationStage=NotStarted}
{"logTime": "0520/064937", "correlationVector":"rYZhRCQ78Ex30mdPZv5xof","action":"Poll GetUpdate request", "result":"", "context":cV=rYZhRCQ78Ex30mdPZv5xof}
{"logTime": "0520/064937", "correlationVector":"rYZhRCQ78Ex30mdPZv5xof.1","action":"SyncServerConnectionManagerRequest", "result":"SYNC_SERVER_OK", "context":{"environment":"Prod_southeastasia_prod-s01-064-apac-southeastasia", "migrationStage":"NotStarted", "server":"akswtt00700000v"}}
{"logTime": "0520/064937", "correlationVector":"rYZhRCQ78Ex30mdPZv5xof.2","action":"ProcessGetUpdates", "result":"Done", "context":{"dataType":"Sessions", "deleted":"2", "process_failed_to_decrypt":"0", "process_pending_decryption":"0", "process_success":"4", "total":"4"}}
{"logTime": "0520/064937", "correlationVector":"rYZhRCQ78Ex30mdPZv5xof.3","action":"ProcessGetUpdates", "result":"Done", "context":{"dataType":"Extension settings", "deleted":"0", "process_failed_to_decrypt":"0", "process_pending_decryption":"0", "process_success":"1", "total":"1"}}
{"logTime": "0520/064937", "correlationVector":"rYZhRCQ78Ex30mdPZv5xof.4","action":"ProcessGetUpdates", "result":"Done", "context":{"dataType":"History", "deleted":"0", "process_failed_to_decrypt":"0", "process_pending_decryption":"0", "process_success":"6", "total":"6"}}
{"logTime": "0520/064937", "correlationVector":"rYZhRCQ78Ex30mdPZv5xof.5","action":"ProcessGetUpdates", "result":"Done", "context":{"dataType":"Edge Hub App Usage", "deleted":"2", "process_failed_to_decrypt":"0", "process_pending_decryption":"0", "process_success":"2", "total":"2"}}
{"logTime": "0520/064937", "correlationVector":"rYZhRCQ78Ex30mdPZv5xof.6","action":"GetUpdates Response", "result":"Success", "context":Received 13 update(s). cV=rYZhRCQ78Ex30mdPZv5xof.0;server=akswtt00700000v;cloudType=Consumer;environment=Prod_southeastasia_prod-s01-064-apac-southeastasia;migrationStage=NotStarted}
{"logTime": "0520/064944", "correlationVector":"GnyO9CZdoINzzMZMhwnwJu","action":"Commit Request", "result":"", "context":Item count: 5
Contributing types: Autofill, Sessions, History}
{"logTime": "0520/064944", "correlationVector":"GnyO9CZdoINzzMZMhwnwJu.1","action":"SyncServerConnectionManagerRequest", "result":"SYNC_SERVER_OK", "context":{"environment":"Prod_southeastasia_prod-s01-064-apac-southeastasia", "migrationStage":"NotStarted", "server":"akswtt00700000v"}}
{"logTime": "0520/064944", "correlationVector":"GnyO9CZdoINzzMZMhwnwJu.2","action":"Commit Response", "result":"Success", "context":Result: Success. cV=GnyO9CZdoINzzMZMhwnwJu.0;server=akswtt00700000v;cloudType=Consumer;environment=Prod_southeastasia_prod-s01-064-apac-southeastasia;migrationStage=NotStarted}
{"logTime": "0520/064945", "correlationVector":"8n+a9/n9FrJp4qMRIwnCXD","action":"Commit Request", "result":"", "context":Item count: 3
Contributing types: Passwords, Sessions, History}
{"logTime": "0520/064945", "correlationVector":"8n+a9/n9FrJp4qMRIwnCXD.1","action":"SyncServerConnectionManagerRequest", "result":"SYNC_SERVER_OK", "context":{"environment":"Prod_southeastasia_prod-s01-064-apac-southeastasia", "migrationStage":"NotStarted", "server":"akswtt00700000v"}}
{"logTime": "0520/064945", "correlationVector":"8n+a9/n9FrJp4qMRIwnCXD.2","action":"Commit Response", "result":"Success", "context":Result: Success. cV=8n+a9/n9FrJp4qMRIwnCXD.0;server=akswtt00700000v;cloudType=Consumer;environment=Prod_southeastasia_prod-s01-064-apac-southeastasia;migrationStage=NotStarted}
{"logTime": "0520/004252", "correlationVector":"wIHOr85GOJOPJ8NnToUiXN","action":"Normal GetUpdate request", "result":"", "context":cV=wIHOr85GOJOPJ8NnToUiXN
Nudged types: Sessions, History
Refresh requested types: Bookmarks, Preferences, Passwords, Autofill Profiles, Autofill, Extensions, Sessions, Extension settings, History Delete Directives, Device Info, User Consents, Send Tab To Self, Web Apps, History, Saved Tab Group, Collection, Edge E Drop, Edge Hub App Usage, Edge Tab Group, Edge Wallet, Encryption Keys}
{"logTime": "0520/004252", "correlationVector":"wIHOr85GOJOPJ8NnToUiXN.1","action":"SyncServerConnectionManagerRequest", "result":"SYNC_SERVER_OK", "context":{"environment":"Prod_southeastasia_prod-s01-064-apac-southeastasia", "migrationStage":"NotStarted", "server":"akswtt00700001c"}}
{"logTime": "0520/004252", "correlationVector":"wIHOr85GOJOPJ8NnToUiXN.2","action":"ProcessGetUpdates", "result":"Done", "context":{"dataType":"Passwords", "deleted":"0", "process_failed_to_decrypt":"0", "process_pending_decryption":"0", "process_success":"1", "total":"1"}}
{"logTime": "0520/004252", "correlationVector":"wIHOr85GOJOPJ8NnToUiXN.3","action":"ProcessGetUpdates", "result":"Done", "context":{"dataType":"Autofill", "deleted":"0", "process_failed_to_decrypt":"0", "process_pending_decryption":"0", "process_success":"1", "total":"1"}}
{"logTime": "0520/004252", "correlationVector":"wIHOr85GOJOPJ8NnToUiXN.4","action":"ProcessGetUpdates", "result":"Done", "context":{"dataType":"Sessions", "deleted":"0", "process_failed_to_decrypt":"0", "process_pending_decryption":"0", "process_success":"1", "total":"1"}}
{"logTime": "0520/004252", "correlationVector":"wIHOr85GOJOPJ8NnToUiXN.5","action":"ProcessGetUpdates", "result":"Done", "context":{"dataType":"History", "deleted":"0", "process_failed_to_decrypt":"0", "process_pending_decryption":"0", "process_success":"3", "total":"3"}}
{"logTime": "0520/004252", "correlationVector":"wIHOr85GOJOPJ8NnToUiXN.6","action":"GetUpdates Response", "result":"Success", "context":Received 6 update(s). cV=wIHOr85GOJOPJ8NnToUiXN.0;server=akswtt00700001c;cloudType=Consumer;environment=Prod_southeastasia_prod-s01-064-apac-southeastasia;migrationStage=NotStarted}
{"logTime": "0520/004252", "correlationVector":"TvKbq5DgxA6P0aWA9FBzqA","action":"Commit Request", "result":"", "context":Item count: 3
Contributing types: Sessions, History}
{"logTime": "0520/004253", "correlationVector":"TvKbq5DgxA6P0aWA9FBzqA.1","action":"SyncServerConnectionManagerRequest", "result":"SYNC_SERVER_OK", "context":{"environment":"Prod_southeastasia_prod-s01-064-apac-southeastasia", "migrationStage":"NotStarted", "server":"akswtt00700004f"}}
{"logTime": "0520/004253", "correlationVector":"TvKbq5DgxA6P0aWA9FBzqA.3","action":"Commit.Sessions", "result":"Success", "context":{"id":"69228cef-54b8-4cf3-8e2d-04bbba7b7c37", "isDeleted":"true", "size":"0", "version":"1747698586229"}}
{"logTime": "0520/004253", "correlationVector":"TvKbq5DgxA6P0aWA9FBzqA.2","action":"Commit Response", "result":"Success", "context":Result: Success. cV=TvKbq5DgxA6P0aWA9FBzqA.0;server=akswtt00700004f;cloudType=Consumer;environment=Prod_southeastasia_prod-s01-064-apac-southeastasia;migrationStage=NotStarted}
{"logTime": "0520/004258", "correlationVector":"Z82DJXZvyrUks3aBYRSIQS","action":"Commit Request", "result":"", "context":Item count: 4
Contributing types: Sessions, Extension settings, History}
{"logTime": "0520/004259", "correlationVector":"Z82DJXZvyrUks3aBYRSIQS.1","action":"SyncServerConnectionManagerRequest", "result":"SYNC_SERVER_OK", "context":{"environment":"Prod_southeastasia_prod-s01-064-apac-southeastasia", "migrationStage":"NotStarted", "server":"akswtt00700004t"}}
{"logTime": "0520/004259", "correlationVector":"Z82DJXZvyrUks3aBYRSIQS.2","action":"Commit Response", "result":"Success", "context":Result: Success. cV=Z82DJXZvyrUks3aBYRSIQS.0;server=akswtt00700004t;cloudType=Consumer;environment=Prod_southeastasia_prod-s01-064-apac-southeastasia;migrationStage=NotStarted}
{"logTime": "0520/004320", "correlationVector":"fKqYGYOdsjASvA4LZNEKa2","action":"Commit Request", "result":"", "context":Item count: 5
Contributing types: Preferences, Sessions, History}
{"logTime": "0520/004321", "correlationVector":"fKqYGYOdsjASvA4LZNEKa2.1","action":"SyncServerConnectionManagerRequest", "result":"SYNC_SERVER_OK", "context":{"environment":"Prod_southeastasia_prod-s01-064-apac-southeastasia", "migrationStage":"NotStarted", "server":"akswtt00700004p"}}
{"logTime": "0520/004321", "correlationVector":"fKqYGYOdsjASvA4LZNEKa2.2","action":"Commit Response", "result":"Success", "context":Result: Success. cV=fKqYGYOdsjASvA4LZNEKa2.0;server=akswtt00700004p;cloudType=Consumer;environment=Prod_southeastasia_prod-s01-064-apac-southeastasia;migrationStage=NotStarted}
{"logTime": "0520/004338", "correlationVector":"qov8E00XghYuf9v1VtiKUz","action":"Commit Request", "result":"", "context":Item count: 11
Contributing types: Passwords, Sessions, History}
{"logTime": "0520/004339", "correlationVector":"qov8E00XghYuf9v1VtiKUz.1","action":"SyncServerConnectionManagerRequest", "result":"SYNC_SERVER_OK", "context":{"environment":"Prod_southeastasia_prod-s01-064-apac-southeastasia", "migrationStage":"NotStarted", "server":"akswtt00700002n"}}
{"logTime": "0520/004339", "correlationVector":"qov8E00XghYuf9v1VtiKUz.2","action":"Commit Response", "result":"Success", "context":Result: Success. cV=qov8E00XghYuf9v1VtiKUz.0;server=akswtt00700002n;cloudType=Consumer;environment=Prod_southeastasia_prod-s01-064-apac-southeastasia;migrationStage=NotStarted}
{"logTime": "0520/004342", "correlationVector":"2nuF/iFlkLV68OX6l1fyvO","action":"Commit Request", "result":"", "context":Item count: 4
Contributing types: Autofill, Sessions, History}
{"logTime": "0520/004342", "correlationVector":"2nuF/iFlkLV68OX6l1fyvO.1","action":"SyncServerConnectionManagerRequest", "result":"SYNC_SERVER_OK", "context":{"environment":"Prod_southeastasia_prod-s01-064-apac-southeastasia", "migrationStage":"NotStarted", "server":"akswtt00700000x"}}
{"logTime": "0520/004342", "correlationVector":"2nuF/iFlkLV68OX6l1fyvO.3","action":"Commit.Sessions", "result":"Success", "context":{"id":"ed69a879-c7de-472d-b31e-42df5291e7df", "isDeleted":"true", "size":"0", "version":"1747701818601"}}
{"logTime": "0520/004342", "correlationVector":"2nuF/iFlkLV68OX6l1fyvO.2","action":"Commit Response", "result":"Success", "context":Result: Success. cV=2nuF/iFlkLV68OX6l1fyvO.0;server=akswtt00700000x;cloudType=Consumer;environment=Prod_southeastasia_prod-s01-064-apac-southeastasia;migrationStage=NotStarted}
{"logTime": "0520/004356", "correlationVector":"TMdn+yTUOUjDRQCHDo0Yxf","action":"Commit Request", "result":"", "context":Item count: 4
Contributing types: Passwords, Sessions, History}
{"logTime": "0520/004356", "correlationVector":"TMdn+yTUOUjDRQCHDo0Yxf.1","action":"SyncServerConnectionManagerRequest", "result":"SYNC_SERVER_OK", "context":{"environment":"Prod_southeastasia_prod-s01-064-apac-southeastasia", "migrationStage":"NotStarted", "server":"akswtt007000004"}}
{"logTime": "0520/004356", "correlationVector":"TMdn+yTUOUjDRQCHDo0Yxf.2","action":"Commit Response", "result":"Success", "context":Result: Success. cV=TMdn+yTUOUjDRQCHDo0Yxf.0;server=akswtt007000004;cloudType=Consumer;environment=Prod_southeastasia_prod-s01-064-apac-southeastasia;migrationStage=NotStarted}
{"logTime": "0520/004501", "correlationVector":"QIhyVegTVOGoEMUOQJrSqM","action":"Commit Request", "result":"", "context":Item count: 10
Contributing types: Sessions, History}
{"logTime": "0520/004501", "correlationVector":"QIhyVegTVOGoEMUOQJrSqM.1","action":"SyncServerConnectionManagerRequest", "result":"SYNC_SERVER_OK", "context":{"environment":"Prod_southeastasia_prod-s01-064-apac-southeastasia", "migrationStage":"NotStarted", "server":"akswtt007000029"}}
{"logTime": "0520/004501", "correlationVector":"QIhyVegTVOGoEMUOQJrSqM.2","action":"Commit Response", "result":"Success", "context":Result: Success. cV=QIhyVegTVOGoEMUOQJrSqM.0;server=akswtt007000029;cloudType=Consumer;environment=Prod_southeastasia_prod-s01-064-apac-southeastasia;migrationStage=NotStarted}
{"logTime": "0520/004506", "correlationVector":"E4zj3aG5N70cETZNyk+GsU","action":"Commit Request", "result":"", "context":Item count: 1
Contributing types: Bookmarks}
{"logTime": "0520/004506", "correlationVector":"E4zj3aG5N70cETZNyk+GsU.1","action":"SyncServerConnectionManagerRequest", "result":"SYNC_SERVER_OK", "context":{"environment":"Prod_southeastasia_prod-s01-064-apac-southeastasia", "migrationStage":"NotStarted", "server":"akswtt007000004"}}
{"logTime": "0520/004506", "correlationVector":"E4zj3aG5N70cETZNyk+GsU.2","action":"Commit Response", "result":"Success", "context":Result: Success. cV=E4zj3aG5N70cETZNyk+GsU.0;server=akswtt007000004;cloudType=Consumer;environment=Prod_southeastasia_prod-s01-064-apac-southeastasia;migrationStage=NotStarted}
{"logTime": "0520/004510", "correlationVector":"b0Y283wk3+71y2nb4V184m","action":"Commit Request", "result":"", "context":Item count: 1
Contributing types: Bookmarks}
{"logTime": "0520/004510", "correlationVector":"b0Y283wk3+71y2nb4V184m.1","action":"SyncServerConnectionManagerRequest", "result":"SYNC_SERVER_OK", "context":{"environment":"Prod_southeastasia_prod-s01-064-apac-southeastasia", "migrationStage":"NotStarted", "server":"akswtt007000004"}}
{"logTime": "0520/004510", "correlationVector":"b0Y283wk3+71y2nb4V184m.3","action":"Commit.Bookmarks", "result":"Success", "context":{"id":"8f42d126-b040-491a-9f65-02e20ac65897", "isDeleted":"true", "size":"0", "version":"1747701906321"}}
{"logTime": "0520/004510", "correlationVector":"b0Y283wk3+71y2nb4V184m.2","action":"Commit Response", "result":"Success", "context":Result: Success. cV=b0Y283wk3+71y2nb4V184m.0;server=akswtt007000004;cloudType=Consumer;environment=Prod_southeastasia_prod-s01-064-apac-southeastasia;migrationStage=NotStarted}
{"logTime": "0520/004546", "correlationVector":"CC9ltkfKmOSJffs26MLvSP","action":"Commit Request", "result":"", "context":Item count: 7
Contributing types: Extensions, Sessions, History}
{"logTime": "0520/004546", "correlationVector":"CC9ltkfKmOSJffs26MLvSP.1","action":"SyncServerConnectionManagerRequest", "result":"SYNC_SERVER_OK", "context":{"environment":"Prod_southeastasia_prod-s01-064-apac-southeastasia", "migrationStage":"NotStarted", "server":"akswtt00700004t"}}
{"logTime": "0520/004546", "correlationVector":"CC9ltkfKmOSJffs26MLvSP.2","action":"Commit Response", "result":"Success", "context":Result: Success. cV=CC9ltkfKmOSJffs26MLvSP.0;server=akswtt00700004t;cloudType=Consumer;environment=Prod_southeastasia_prod-s01-064-apac-southeastasia;migrationStage=NotStarted}
{"logTime": "0520/004755", "correlationVector":"g0LWng63cPvxWi1t40iuOT","action":"Normal GetUpdate request", "result":"", "context":cV=g0LWng63cPvxWi1t40iuOT
Nudged types: Sessions, History
Refresh requested types: Bookmarks, Preferences, Passwords, Autofill Profiles, Autofill, Extensions, Sessions, Extension settings, History Delete Directives, Device Info, User Consents, Send Tab To Self, Web Apps, History, Saved Tab Group, Collection, Edge E Drop, Edge Hub App Usage, Edge Tab Group, Edge Wallet, Encryption Keys}
{"logTime": "0520/004755", "correlationVector":"g0LWng63cPvxWi1t40iuOT.1","action":"SyncServerConnectionManagerRequest", "result":"SYNC_SERVER_OK", "context":{"environment":"Prod_southeastasia_prod-s01-064-apac-southeastasia", "migrationStage":"NotStarted", "server":"akswtt007000010"}}
{"logTime": "0520/004755", "correlationVector":"g0LWng63cPvxWi1t40iuOT.2","action":"ProcessGetUpdates", "result":"Done", "context":{"dataType":"Bookmarks", "deleted":"1", "process_failed_to_decrypt":"0", "process_pending_decryption":"0", "process_success":"1", "total":"1"}}
{"logTime": "0520/004755", "correlationVector":"g0LWng63cPvxWi1t40iuOT.3","action":"ProcessGetUpdates", "result":"Done", "context":{"dataType":"Preferences", "deleted":"0", "process_failed_to_decrypt":"0", "process_pending_decryption":"0", "process_success":"1", "total":"1"}}
{"logTime": "0520/004755", "correlationVector":"g0LWng63cPvxWi1t40iuOT.4","action":"ProcessGetUpdates", "result":"Done", "context":{"dataType":"Passwords", "deleted":"0", "process_failed_to_decrypt":"0", "process_pending_decryption":"0", "process_success":"1", "total":"1"}}
{"logTime": "0520/004755", "correlationVector":"g0LWng63cPvxWi1t40iuOT.5","action":"ProcessGetUpdates", "result":"Done", "context":{"dataType":"Autofill", "deleted":"0", "process_failed_to_decrypt":"0", "process_pending_decryption":"0", "process_success":"1", "total":"1"}}
{"logTime": "0520/004755", "correlationVector":"g0LWng63cPvxWi1t40iuOT.6","action":"ProcessGetUpdates", "result":"Done", "context":{"dataType":"Extensions", "deleted":"0", "process_failed_to_decrypt":"0", "process_pending_decryption":"0", "process_success":"1", "total":"1"}}
{"logTime": "0520/004755", "correlationVector":"g0LWng63cPvxWi1t40iuOT.7","action":"ProcessGetUpdates", "result":"Done", "context":{"dataType":"Sessions", "deleted":"2", "process_failed_to_decrypt":"0", "process_pending_decryption":"0", "process_success":"6", "total":"6"}}
{"logTime": "0520/004755", "correlationVector":"g0LWng63cPvxWi1t40iuOT.8","action":"ProcessGetUpdates", "result":"Done", "context":{"dataType":"Extension settings", "deleted":"0", "process_failed_to_decrypt":"0", "process_pending_decryption":"0", "process_success":"1", "total":"1"}}
{"logTime": "0520/004755", "correlationVector":"g0LWng63cPvxWi1t40iuOT.9","action":"ProcessGetUpdates", "result":"Done", "context":{"dataType":"History", "deleted":"0", "process_failed_to_decrypt":"0", "process_pending_decryption":"0", "process_success":"19", "total":"19"}}
{"logTime": "0520/004755", "correlationVector":"g0LWng63cPvxWi1t40iuOT.10","action":"GetUpdates Response", "result":"Success", "context":Received 31 update(s). cV=g0LWng63cPvxWi1t40iuOT.0;server=akswtt007000010;cloudType=Consumer;environment=Prod_southeastasia_prod-s01-064-apac-southeastasia;migrationStage=NotStarted}
{"logTime": "0520/004755", "correlationVector":"LXNzFf+xtrrsYZTlJLvwkM","action":"Commit Request", "result":"", "context":Item count: 15
Contributing types: Sessions, History}
{"logTime": "0520/004756", "correlationVector":"LXNzFf+xtrrsYZTlJLvwkM.1","action":"SyncServerConnectionManagerRequest", "result":"SYNC_SERVER_OK", "context":{"environment":"Prod_southeastasia_prod-s01-064-apac-southeastasia", "migrationStage":"NotStarted", "server":"akswtt00700001n"}}
{"logTime": "0520/004756", "correlationVector":"LXNzFf+xtrrsYZTlJLvwkM.2","action":"Commit Response", "result":"Success", "context":Result: Success. cV=LXNzFf+xtrrsYZTlJLvwkM.0;server=akswtt00700001n;cloudType=Consumer;environment=Prod_southeastasia_prod-s01-064-apac-southeastasia;migrationStage=NotStarted}
{"logTime": "0520/060452", "correlationVector":"09CpsWxwXVWo1j6lWbc0Cf","action":"Normal GetUpdate request", "result":"", "context":cV=09CpsWxwXVWo1j6lWbc0Cf
Nudged types: Sessions, History
Refresh requested types: Bookmarks, Preferences, Passwords, Autofill Profiles, Autofill, Extensions, Sessions, Extension settings, History Delete Directives, Device Info, User Consents, Send Tab To Self, Web Apps, History, Saved Tab Group, Collection, Edge E Drop, Edge Hub App Usage, Edge Tab Group, Edge Wallet, Encryption Keys}
{"logTime": "0520/060453", "correlationVector":"09CpsWxwXVWo1j6lWbc0Cf.1","action":"SyncServerConnectionManagerRequest", "result":"SYNC_SERVER_OK", "context":{"environment":"Prod_southeastasia_prod-s01-065-apac-southeastasia", "migrationStage":"NotStarted", "server":"akswtt00700004i"}}
{"logTime": "0520/060453", "correlationVector":"09CpsWxwXVWo1j6lWbc0Cf.2","action":"ProcessGetUpdates", "result":"Done", "context":{"dataType":"Sessions", "deleted":"0", "process_failed_to_decrypt":"0", "process_pending_decryption":"0", "process_success":"7", "total":"7"}}
{"logTime": "0520/060453", "correlationVector":"09CpsWxwXVWo1j6lWbc0Cf.3","action":"ProcessGetUpdates", "result":"Done", "context":{"dataType":"History", "deleted":"0", "process_failed_to_decrypt":"0", "process_pending_decryption":"0", "process_success":"8", "total":"8"}}
{"logTime": "0520/060453", "correlationVector":"09CpsWxwXVWo1j6lWbc0Cf.4","action":"GetUpdates Response", "result":"Success", "context":Received 15 update(s). cV=09CpsWxwXVWo1j6lWbc0Cf.0;server=akswtt00700004i;cloudType=Consumer;environment=Prod_southeastasia_prod-s01-065-apac-southeastasia;migrationStage=NotStarted}
{"logTime": "0520/060453", "correlationVector":"FnpVvWJ4JnEiVdOAKj+9Ef","action":"Commit Request", "result":"", "context":Item count: 10
Contributing types: Sessions, History}
{"logTime": "0520/060454", "correlationVector":"FnpVvWJ4JnEiVdOAKj+9Ef.1","action":"SyncServerConnectionManagerRequest", "result":"SYNC_SERVER_OK", "context":{"environment":"Prod_southeastasia_prod-s01-065-apac-southeastasia", "migrationStage":"NotStarted", "server":"akswtt00700003a"}}
{"logTime": "0520/060454", "correlationVector":"FnpVvWJ4JnEiVdOAKj+9Ef.3","action":"Commit.Sessions", "result":"Success", "context":{"id":"207d2443-bc1d-4d48-a25e-c1c796ba29e9", "isDeleted":"true", "size":"0", "version":"1747702075815"}}
{"logTime": "0520/060454", "correlationVector":"FnpVvWJ4JnEiVdOAKj+9Ef.4","action":"Commit.Sessions", "result":"Success", "context":{"id":"a9642395-6857-40cd-b17b-a4802ff8d563", "isDeleted":"true", "size":"0", "version":"1747702075816"}}
{"logTime": "0520/060454", "correlationVector":"FnpVvWJ4JnEiVdOAKj+9Ef.5","action":"Commit.Sessions", "result":"Success", "context":{"id":"c9049f50-e3e9-4420-8fad-e8690c04019c", "isDeleted":"true", "size":"0", "version":"1747702075818"}}
{"logTime": "0520/060454", "correlationVector":"FnpVvWJ4JnEiVdOAKj+9Ef.6","action":"Commit.Sessions", "result":"Success", "context":{"id":"e13419c3-9e2f-4421-ba7a-ebdb6cdf7d12", "isDeleted":"true", "size":"0", "version":"1747702075819"}}
{"logTime": "0520/060454", "correlationVector":"FnpVvWJ4JnEiVdOAKj+9Ef.7","action":"Commit.Sessions", "result":"Success", "context":{"id":"436a5fe0-1f90-492b-9304-15c6eb24be64", "isDeleted":"true", "size":"0", "version":"1747702075820"}}
{"logTime": "0520/060454", "correlationVector":"FnpVvWJ4JnEiVdOAKj+9Ef.8","action":"Commit.Sessions", "result":"Success", "context":{"id":"c723fe25-405d-4656-aa3e-940dde7cb292", "isDeleted":"true", "size":"0", "version":"1747702075821"}}
{"logTime": "0520/060454", "correlationVector":"FnpVvWJ4JnEiVdOAKj+9Ef.2","action":"Commit Response", "result":"Success", "context":Result: Success. cV=FnpVvWJ4JnEiVdOAKj+9Ef.0;server=akswtt00700003a;cloudType=Consumer;environment=Prod_southeastasia_prod-s01-065-apac-southeastasia;migrationStage=NotStarted}
{"logTime": "0520/101602", "correlationVector":"Vh7i53rPFusgjMg2Zlp4Vb","action":"Normal GetUpdate request", "result":"", "context":cV=Vh7i53rPFusgjMg2Zlp4Vb
Nudged types: Sessions, History
Refresh requested types: Bookmarks, Preferences, Passwords, Autofill Profiles, Autofill, Extensions, Sessions, Extension settings, History Delete Directives, Device Info, User Consents, Send Tab To Self, Web Apps, History, Saved Tab Group, Collection, Edge E Drop, Edge Hub App Usage, Edge Tab Group, Edge Wallet, Encryption Keys}
{"logTime": "0520/101602", "correlationVector":"Vh7i53rPFusgjMg2Zlp4Vb.1","action":"SyncServerConnectionManagerRequest", "result":"SYNC_SERVER_OK", "context":{"environment":"Prod_southeastasia_prod-s01-065-apac-southeastasia", "migrationStage":"NotStarted", "server":"akswtt00700004i"}}
{"logTime": "0520/101602", "correlationVector":"Vh7i53rPFusgjMg2Zlp4Vb.2","action":"ProcessGetUpdates", "result":"Done", "context":{"dataType":"Sessions", "deleted":"6", "process_failed_to_decrypt":"0", "process_pending_decryption":"0", "process_success":"7", "total":"7"}}
{"logTime": "0520/101602", "correlationVector":"Vh7i53rPFusgjMg2Zlp4Vb.3","action":"ProcessGetUpdates", "result":"Done", "context":{"dataType":"History", "deleted":"0", "process_failed_to_decrypt":"0", "process_pending_decryption":"0", "process_success":"3", "total":"3"}}
{"logTime": "0520/101602", "correlationVector":"Vh7i53rPFusgjMg2Zlp4Vb.4","action":"GetUpdates Response", "result":"Success", "context":Received 10 update(s). cV=Vh7i53rPFusgjMg2Zlp4Vb.0;server=akswtt00700004i;cloudType=Consumer;environment=Prod_southeastasia_prod-s01-065-apac-southeastasia;migrationStage=NotStarted}
{"logTime": "0520/101603", "correlationVector":"Sj0YyxiV61U5+w5p4F5PmO","action":"Commit Request", "result":"", "context":Item count: 17
Contributing types: Sessions, Extension settings, History}
{"logTime": "0520/101604", "correlationVector":"Sj0YyxiV61U5+w5p4F5PmO.1","action":"SyncServerConnectionManagerRequest", "result":"SYNC_SERVER_OK", "context":{"environment":"Prod_southeastasia_prod-s01-065-apac-southeastasia", "migrationStage":"NotStarted", "server":"akswtt007000034"}}
{"logTime": "0520/101604", "correlationVector":"Sj0YyxiV61U5+w5p4F5PmO.2","action":"Commit Response", "result":"Success", "context":Result: Success. cV=Sj0YyxiV61U5+w5p4F5PmO.0;server=akswtt007000034;cloudType=Consumer;environment=Prod_southeastasia_prod-s01-065-apac-southeastasia;migrationStage=NotStarted}
{"logTime": "0520/102018", "correlationVector":"3KJqCty7RJjnwC6ee8Jrw5","action":"Normal GetUpdate request", "result":"", "context":cV=3KJqCty7RJjnwC6ee8Jrw5
Nudged types: Bookmarks, Sessions, History
Refresh requested types: Bookmarks, Preferences, Passwords, Autofill Profiles, Autofill, Extensions, Sessions, Extension settings, History Delete Directives, Device Info, User Consents, Send Tab To Self, Web Apps, History, Saved Tab Group, Collection, Edge E Drop, Edge Hub App Usage, Edge Tab Group, Edge Wallet, Encryption Keys}
{"logTime": "0520/102019", "correlationVector":"3KJqCty7RJjnwC6ee8Jrw5.1","action":"SyncServerConnectionManagerRequest", "result":"SYNC_SERVER_OK", "context":{"environment":"Prod_southeastasia_prod-s01-064-apac-southeastasia", "migrationStage":"NotStarted", "server":"akswtt00700001r"}}
{"logTime": "0520/102019", "correlationVector":"3KJqCty7RJjnwC6ee8Jrw5.2","action":"ProcessGetUpdates", "result":"Done", "context":{"dataType":"Sessions", "deleted":"0", "process_failed_to_decrypt":"0", "process_pending_decryption":"0", "process_success":"1", "total":"1"}}
{"logTime": "0520/102019", "correlationVector":"3KJqCty7RJjnwC6ee8Jrw5.3","action":"ProcessGetUpdates", "result":"Done", "context":{"dataType":"Extension settings", "deleted":"0", "process_failed_to_decrypt":"0", "process_pending_decryption":"0", "process_success":"1", "total":"1"}}
{"logTime": "0520/102019", "correlationVector":"3KJqCty7RJjnwC6ee8Jrw5.4","action":"ProcessGetUpdates", "result":"Done", "context":{"dataType":"History", "deleted":"0", "process_failed_to_decrypt":"0", "process_pending_decryption":"0", "process_success":"15", "total":"15"}}
{"logTime": "0520/102019", "correlationVector":"3KJqCty7RJjnwC6ee8Jrw5.5","action":"GetUpdates Response", "result":"Success", "context":Received 17 update(s). cV=3KJqCty7RJjnwC6ee8Jrw5.0;server=akswtt00700001r;cloudType=Consumer;environment=Prod_southeastasia_prod-s01-064-apac-southeastasia;migrationStage=NotStarted}
{"logTime": "0520/102019", "correlationVector":"WAS3H3zFkx9E/fo7uMK2wq","action":"Commit Request", "result":"", "context":Item count: 4
Contributing types: Bookmarks, Sessions, History}
{"logTime": "0520/102019", "correlationVector":"WAS3H3zFkx9E/fo7uMK2wq.1","action":"SyncServerConnectionManagerRequest", "result":"SYNC_SERVER_OK", "context":{"environment":"Prod_southeastasia_prod-s01-064-apac-southeastasia", "migrationStage":"NotStarted", "server":"akswtt00700001m"}}
{"logTime": "0520/102019", "correlationVector":"WAS3H3zFkx9E/fo7uMK2wq.2","action":"Commit Response", "result":"Success", "context":Result: Success. cV=WAS3H3zFkx9E/fo7uMK2wq.0;server=akswtt00700001m;cloudType=Consumer;environment=Prod_southeastasia_prod-s01-064-apac-southeastasia;migrationStage=NotStarted}
{"logTime": "0520/102524", "correlationVector":"Q4KoWAvhjut6dmaWS6Yi9H","action":"Normal GetUpdate request", "result":"", "context":cV=Q4KoWAvhjut6dmaWS6Yi9H
Refresh requested types: Bookmarks, Preferences, Passwords, Autofill Profiles, Autofill, Extensions, Sessions, Extension settings, History Delete Directives, Device Info, User Consents, Send Tab To Self, Web Apps, History, Saved Tab Group, Collection, Edge E Drop, Edge Hub App Usage, Edge Tab Group, Edge Wallet, Encryption Keys}
{"logTime": "0520/102524", "correlationVector":"Q4KoWAvhjut6dmaWS6Yi9H.1","action":"SyncServerConnectionManagerRequest", "result":"SYNC_SERVER_OK", "context":{"environment":"Prod_southeastasia_prod-s01-065-apac-southeastasia", "migrationStage":"NotStarted", "server":"akswtt00700000d"}}
{"logTime": "0520/102524", "correlationVector":"Q4KoWAvhjut6dmaWS6Yi9H.2","action":"GetUpdates Response", "result":"Success", "context":Received 0 update(s). cV=Q4KoWAvhjut6dmaWS6Yi9H.0;server=akswtt00700000d;cloudType=Consumer;environment=Prod_southeastasia_prod-s01-065-apac-southeastasia;migrationStage=NotStarted}
{"logTime": "0520/103235", "correlationVector":"h2j1JFoXKhtt2Oud4yWJ2C","action":"Normal GetUpdate request", "result":"", "context":cV=h2j1JFoXKhtt2Oud4yWJ2C
Refresh requested types: Bookmarks, Preferences, Passwords, Autofill Profiles, Autofill, Extensions, Sessions, Extension settings, History Delete Directives, Device Info, User Consents, Send Tab To Self, Web Apps, History, Saved Tab Group, Collection, Edge E Drop, Edge Hub App Usage, Edge Tab Group, Edge Wallet, Encryption Keys}
{"logTime": "0520/103235", "correlationVector":"h2j1JFoXKhtt2Oud4yWJ2C.1","action":"SyncServerConnectionManagerRequest", "result":"SYNC_SERVER_OK", "context":{"environment":"Prod_southeastasia_prod-s01-064-apac-southeastasia", "migrationStage":"NotStarted", "server":"akswtt00700000v"}}
{"logTime": "0520/103235", "correlationVector":"h2j1JFoXKhtt2Oud4yWJ2C.2","action":"GetUpdates Response", "result":"Success", "context":Received 0 update(s). cV=h2j1JFoXKhtt2Oud4yWJ2C.0;server=akswtt00700000v;cloudType=Consumer;environment=Prod_southeastasia_prod-s01-064-apac-southeastasia;migrationStage=NotStarted}
{"logTime": "0520/103442", "correlationVector":"BS6p1UntIgbSGxhgchidrU","action":"Normal GetUpdate request", "result":"", "context":cV=BS6p1UntIgbSGxhgchidrU
Refresh requested types: Bookmarks, Preferences, Passwords, Autofill Profiles, Autofill, Extensions, Sessions, Extension settings, History Delete Directives, Device Info, User Consents, Send Tab To Self, Web Apps, History, Saved Tab Group, Collection, Edge E Drop, Edge Hub App Usage, Edge Tab Group, Edge Wallet, Encryption Keys}
{"logTime": "0520/103442", "correlationVector":"BS6p1UntIgbSGxhgchidrU.1","action":"SyncServerConnectionManagerRequest", "result":"SYNC_SERVER_OK", "context":{"environment":"Prod_southeastasia_prod-s01-065-apac-southeastasia", "migrationStage":"NotStarted", "server":"akswtt00700004a"}}
{"logTime": "0520/103442", "correlationVector":"BS6p1UntIgbSGxhgchidrU.2","action":"GetUpdates Response", "result":"Success", "context":Received 0 update(s). cV=BS6p1UntIgbSGxhgchidrU.0;server=akswtt00700004a;cloudType=Consumer;environment=Prod_southeastasia_prod-s01-065-apac-southeastasia;migrationStage=NotStarted}
{"logTime": "0520/103656", "correlationVector":"J7I7/fQ7HGkN3K3bGPw37b","action":"Commit Request", "result":"", "context":Item count: 4
Contributing types: Sessions, History}
{"logTime": "0520/103657", "correlationVector":"J7I7/fQ7HGkN3K3bGPw37b.1","action":"SyncServerConnectionManagerRequest", "result":"SYNC_SERVER_OK", "context":{"environment":"Prod_southeastasia_prod-s01-065-apac-southeastasia", "migrationStage":"NotStarted", "server":"akswtt00700001c"}}
{"logTime": "0520/103657", "correlationVector":"J7I7/fQ7HGkN3K3bGPw37b.2","action":"Commit Response", "result":"Success", "context":Result: Success. cV=J7I7/fQ7HGkN3K3bGPw37b.0;server=akswtt00700001c;cloudType=Consumer;environment=Prod_southeastasia_prod-s01-065-apac-southeastasia;migrationStage=NotStarted}
{"logTime": "0520/103820", "correlationVector":"yMXfSEthDwKumkkt0vd6ka","action":"Commit Request", "result":"", "context":Item count: 7
Contributing types: Sessions, History}
{"logTime": "0520/103821", "correlationVector":"yMXfSEthDwKumkkt0vd6ka.1","action":"SyncServerConnectionManagerRequest", "result":"SYNC_SERVER_OK", "context":{"environment":"Prod_southeastasia_prod-s01-065-apac-southeastasia", "migrationStage":"NotStarted", "server":"akswtt007000014"}}
{"logTime": "0520/103821", "correlationVector":"yMXfSEthDwKumkkt0vd6ka.2","action":"Commit Response", "result":"Success", "context":Result: Success. cV=yMXfSEthDwKumkkt0vd6ka.0;server=akswtt007000014;cloudType=Consumer;environment=Prod_southeastasia_prod-s01-065-apac-southeastasia;migrationStage=NotStarted}
{"logTime": "0520/103934", "correlationVector":"nlRQFtRLD4WRkk1qjpWw+S","action":"Commit Request", "result":"", "context":Item count: 5
Contributing types: Sessions, History}
{"logTime": "0520/103935", "correlationVector":"nlRQFtRLD4WRkk1qjpWw+S.1","action":"SyncServerConnectionManagerRequest", "result":"SYNC_SERVER_OK", "context":{"environment":"Prod_southeastasia_prod-s01-065-apac-southeastasia", "migrationStage":"NotStarted", "server":"akswtt00700000l"}}
{"logTime": "0520/103935", "correlationVector":"nlRQFtRLD4WRkk1qjpWw+S.2","action":"Commit Response", "result":"Success", "context":Result: Success. cV=nlRQFtRLD4WRkk1qjpWw+S.0;server=akswtt00700000l;cloudType=Consumer;environment=Prod_southeastasia_prod-s01-065-apac-southeastasia;migrationStage=NotStarted}
